{"/Users/lukejyhuang/Workspace/shortUrlServer/src/app.module.ts": {"path":"/Users/lukejyhuang/Workspace/shortUrlServer/src/app.module.ts","statementMap":{"0":{"start":{"line":1,"column":0},"end":{"line":1,"column":60}},"1":{"start":{"line":4,"column":0},"end":{"line":4,"column":48}},"2":{"start":{"line":5,"column":0},"end":{"line":5,"column":77}},"3":{"start":{"line":6,"column":0},"end":{"line":6,"column":55}},"4":{"start":{"line":7,"column":0},"end":{"line":7,"column":68}},"5":{"start":{"line":8,"column":0},"end":{"line":8,"column":55}},"6":{"start":{"line":9,"column":0},"end":{"line":9,"column":42}},"7":{"start":{"line":10,"column":0},"end":{"line":10,"column":50}},"8":{"start":{"line":11,"column":0},"end":{"line":11,"column":45}},"9":{"start":{"line":54,"column":0},"end":{"line":59,"column":null}},"10":{"start":{"line":56,"column":8},"end":{"line":56,"column":null}},"11":{"start":{"line":54,"column":13},"end":{"line":59,"column":null}},"12":{"start":{"line":54,"column":13},"end":{"line":54,"column":22}}},"fnMap":{"0":{"name":"(anonymous_1)","decl":{"start":{"line":55,"column":4},"end":{"line":55,"column":13}},"loc":{"start":{"line":55,"column":42},"end":{"line":57,"column":5}}}},"branchMap":{},"s":{"0":1,"1":1,"2":1,"3":1,"4":1,"5":1,"6":1,"7":1,"8":1,"9":1,"10":1,"11":1,"12":1},"f":{"0":1},"b":{}}
,"/Users/lukejyhuang/Workspace/shortUrlServer/src/constants.ts": {"path":"/Users/lukejyhuang/Workspace/shortUrlServer/src/constants.ts","statementMap":{"0":{"start":{"line":2,"column":13},"end":{"line":2,"column":null}},"1":{"start":{"line":4,"column":13},"end":{"line":8,"column":null}},"2":{"start":{"line":10,"column":13},"end":{"line":23,"column":null}}},"fnMap":{},"branchMap":{},"s":{"0":1,"1":1,"2":1},"f":{},"b":{}}
,"/Users/lukejyhuang/Workspace/shortUrlServer/src/exception.ts": {"path":"/Users/lukejyhuang/Workspace/shortUrlServer/src/exception.ts","statementMap":{"0":{"start":{"line":1,"column":0},"end":{"line":1,"column":98}},"1":{"start":{"line":2,"column":0},"end":{"line":2,"column":36}},"2":{"start":{"line":7,"column":0},"end":{"line":29,"column":null}},"3":{"start":{"line":9,"column":20},"end":{"line":9,"column":39}},"4":{"start":{"line":10,"column":25},"end":{"line":10,"column":42}},"5":{"start":{"line":11,"column":24},"end":{"line":11,"column":40}},"6":{"start":{"line":13,"column":32},"end":{"line":13,"column":34}},"7":{"start":{"line":13,"column":43},"end":{"line":13,"column":45}},"8":{"start":{"line":13,"column":57},"end":{"line":13,"column":59}},"9":{"start":{"line":14,"column":8},"end":{"line":22,"column":null}},"10":{"start":{"line":15,"column":12},"end":{"line":15,"column":null}},"11":{"start":{"line":16,"column":12},"end":{"line":16,"column":null}},"12":{"start":{"line":17,"column":12},"end":{"line":17,"column":null}},"13":{"start":{"line":20,"column":12},"end":{"line":20,"column":null}},"14":{"start":{"line":21,"column":12},"end":{"line":21,"column":null}},"15":{"start":{"line":24,"column":8},"end":{"line":27,"column":11}},"16":{"start":{"line":7,"column":13},"end":{"line":29,"column":null}},"17":{"start":{"line":7,"column":13},"end":{"line":7,"column":32}}},"fnMap":{"0":{"name":"(anonymous_1)","decl":{"start":{"line":8,"column":4},"end":{"line":8,"column":9}},"loc":{"start":{"line":8,"column":45},"end":{"line":28,"column":5}}}},"branchMap":{},"s":{"0":1,"1":1,"2":1,"3":3,"4":3,"5":3,"6":3,"7":3,"8":3,"9":3,"10":3,"11":3,"12":3,"13":0,"14":0,"15":3,"16":1,"17":1},"f":{"0":3},"b":{}}
,"/Users/lukejyhuang/Workspace/shortUrlServer/src/main.ts": {"path":"/Users/lukejyhuang/Workspace/shortUrlServer/src/main.ts","statementMap":{"0":{"start":{"line":1,"column":0},"end":{"line":1,"column":43}},"1":{"start":{"line":6,"column":0},"end":{"line":6,"column":41}},"2":{"start":{"line":9,"column":16},"end":{"line":11,"column":6}},"3":{"start":{"line":12,"column":4},"end":{"line":12,"column":32}},"4":{"start":{"line":13,"column":19},"end":{"line":13,"column":41}},"5":{"start":{"line":16,"column":0},"end":{"line":16,"column":12}}},"fnMap":{"0":{"name":"bootstrap","decl":{"start":{"line":8,"column":15},"end":{"line":8,"column":24}},"loc":{"start":{"line":8,"column":24},"end":{"line":14,"column":1}}}},"branchMap":{},"s":{"0":0,"1":0,"2":0,"3":0,"4":0,"5":0},"f":{"0":0},"b":{}}
,"/Users/lukejyhuang/Workspace/shortUrlServer/src/middlewares/filter.ts": {"path":"/Users/lukejyhuang/Workspace/shortUrlServer/src/middlewares/filter.ts","statementMap":{"0":{"start":{"line":1,"column":0},"end":{"line":1,"column":67}},"1":{"start":{"line":3,"column":0},"end":{"line":3,"column":48}},"2":{"start":{"line":4,"column":0},"end":{"line":4,"column":68}},"3":{"start":{"line":5,"column":0},"end":{"line":5,"column":36}},"4":{"start":{"line":8,"column":0},"end":{"line":62,"column":null}},"5":{"start":{"line":10,"column":25},"end":{"line":10,"column":45}},"6":{"start":{"line":13,"column":23},"end":{"line":13,"column":33}},"7":{"start":{"line":14,"column":22},"end":{"line":14,"column":31}},"8":{"start":{"line":16,"column":8},"end":{"line":58,"column":null}},"9":{"start":{"line":17,"column":33},"end":{"line":17,"column":38}},"10":{"start":{"line":18,"column":12},"end":{"line":57,"column":null}},"11":{"start":{"line":20,"column":16},"end":{"line":23,"column":20}},"12":{"start":{"line":26,"column":16},"end":{"line":26,"column":null}},"13":{"start":{"line":28,"column":52},"end":{"line":28,"column":82}},"14":{"start":{"line":31,"column":16},"end":{"line":36,"column":null}},"15":{"start":{"line":32,"column":20},"end":{"line":35,"column":null}},"16":{"start":{"line":38,"column":16},"end":{"line":43,"column":null}},"17":{"start":{"line":39,"column":20},"end":{"line":42,"column":null}},"18":{"start":{"line":44,"column":16},"end":{"line":44,"column":null}},"19":{"start":{"line":45,"column":39},"end":{"line":45,"column":104}},"20":{"start":{"line":46,"column":16},"end":{"line":46,"column":null}},"21":{"start":{"line":47,"column":16},"end":{"line":56,"column":null}},"22":{"start":{"line":48,"column":20},"end":{"line":48,"column":null}},"23":{"start":{"line":49,"column":20},"end":{"line":49,"column":26}},"24":{"start":{"line":52,"column":20},"end":{"line":55,"column":null}},"25":{"start":{"line":60,"column":8},"end":{"line":60,"column":15}},"26":{"start":{"line":8,"column":13},"end":{"line":62,"column":null}},"27":{"start":{"line":8,"column":13},"end":{"line":8,"column":29}}},"fnMap":{"0":{"name":"(anonymous_2)","decl":{"start":{"line":9,"column":4},"end":{"line":9,"column":null}},"loc":{"start":{"line":10,"column":63},"end":{"line":11,"column":9}}},"1":{"name":"(anonymous_3)","decl":{"start":{"line":12,"column":4},"end":{"line":12,"column":9}},"loc":{"start":{"line":12,"column":57},"end":{"line":61,"column":5}}}},"branchMap":{"0":{"loc":{"start":{"line":16,"column":8},"end":{"line":58,"column":null}},"type":"if","locations":[{"start":{"line":16,"column":8},"end":{"line":58,"column":null}}]},"1":{"loc":{"start":{"line":16,"column":12},"end":{"line":16,"column":59}},"type":"binary-expr","locations":[{"start":{"line":16,"column":13},"end":{"line":16,"column":29}},{"start":{"line":16,"column":33},"end":{"line":16,"column":49}},{"start":{"line":16,"column":54},"end":{"line":16,"column":59}}]},"2":{"loc":{"start":{"line":18,"column":12},"end":{"line":57,"column":null}},"type":"if","locations":[{"start":{"line":18,"column":12},"end":{"line":57,"column":null}},{"start":{"line":24,"column":19},"end":{"line":57,"column":null}}]},"3":{"loc":{"start":{"line":31,"column":16},"end":{"line":36,"column":null}},"type":"if","locations":[{"start":{"line":31,"column":16},"end":{"line":36,"column":null}}]},"4":{"loc":{"start":{"line":38,"column":16},"end":{"line":43,"column":null}},"type":"if","locations":[{"start":{"line":38,"column":16},"end":{"line":43,"column":null}}]},"5":{"loc":{"start":{"line":47,"column":16},"end":{"line":56,"column":null}},"type":"if","locations":[{"start":{"line":47,"column":16},"end":{"line":56,"column":null}},{"start":{"line":50,"column":23},"end":{"line":56,"column":null}}]}},"s":{"0":1,"1":1,"2":1,"3":1,"4":1,"5":1,"6":4,"7":4,"8":4,"9":2,"10":2,"11":1,"12":1,"13":1,"14":1,"15":1,"16":0,"17":0,"18":0,"19":0,"20":0,"21":0,"22":0,"23":0,"24":0,"25":2,"26":1,"27":1},"f":{"0":1,"1":4},"b":{"0":[2],"1":[4,4,2],"2":[1,1],"3":[1],"4":[0],"5":[0,0]}}
,"/Users/lukejyhuang/Workspace/shortUrlServer/src/modules/shorturlmap/shorturlmap.controller.ts": {"path":"/Users/lukejyhuang/Workspace/shortUrlServer/src/modules/shorturlmap/shorturlmap.controller.ts","statementMap":{"0":{"start":{"line":1,"column":0},"end":{"line":1,"column":null}},"1":{"start":{"line":16,"column":0},"end":{"line":16,"column":58}},"2":{"start":{"line":17,"column":0},"end":{"line":17,"column":49}},"3":{"start":{"line":18,"column":0},"end":{"line":18,"column":57}},"4":{"start":{"line":19,"column":0},"end":{"line":19,"column":68}},"5":{"start":{"line":20,"column":0},"end":{"line":20,"column":59}},"6":{"start":{"line":21,"column":0},"end":{"line":21,"column":71}},"7":{"start":{"line":41,"column":0},"end":{"line":245,"column":null}},"8":{"start":{"line":43,"column":25},"end":{"line":43,"column":42}},"9":{"start":{"line":44,"column":25},"end":{"line":44,"column":38}},"10":{"start":{"line":45,"column":25},"end":{"line":45,"column":39}},"11":{"start":{"line":46,"column":25},"end":{"line":46,"column":45}},"12":{"start":{"line":52,"column":29},"end":{"line":52,"column":34}},"13":{"start":{"line":55,"column":8},"end":{"line":60,"column":null}},"14":{"start":{"line":56,"column":12},"end":{"line":59,"column":null}},"15":{"start":{"line":63,"column":58},"end":{"line":63,"column":88}},"16":{"start":{"line":66,"column":8},"end":{"line":76,"column":null}},"17":{"start":{"line":67,"column":34},"end":{"line":67,"column":76}},"18":{"start":{"line":68,"column":12},"end":{"line":73,"column":null}},"19":{"start":{"line":69,"column":16},"end":{"line":69,"column":null}},"20":{"start":{"line":70,"column":16},"end":{"line":72,"column":null}},"21":{"start":{"line":75,"column":12},"end":{"line":75,"column":null}},"22":{"start":{"line":80,"column":19},"end":{"line":80,"column":50}},"23":{"start":{"line":81,"column":26},"end":{"line":84,"column":10}},"24":{"start":{"line":85,"column":8},"end":{"line":85,"column":null}},"25":{"start":{"line":86,"column":8},"end":{"line":90,"column":null}},"26":{"start":{"line":87,"column":12},"end":{"line":89,"column":null}},"27":{"start":{"line":92,"column":8},"end":{"line":94,"column":null}},"28":{"start":{"line":104,"column":29},"end":{"line":104,"column":33}},"29":{"start":{"line":107,"column":8},"end":{"line":112,"column":null}},"30":{"start":{"line":108,"column":12},"end":{"line":111,"column":null}},"31":{"start":{"line":115,"column":58},"end":{"line":115,"column":88}},"32":{"start":{"line":117,"column":20},"end":{"line":120,"column":10}},"33":{"start":{"line":121,"column":8},"end":{"line":121,"column":null}},"34":{"start":{"line":123,"column":8},"end":{"line":127,"column":null}},"35":{"start":{"line":124,"column":12},"end":{"line":124,"column":null}},"36":{"start":{"line":126,"column":12},"end":{"line":126,"column":null}},"37":{"start":{"line":134,"column":8},"end":{"line":134,"column":null}},"38":{"start":{"line":135,"column":40},"end":{"line":135,"column":44}},"39":{"start":{"line":138,"column":8},"end":{"line":143,"column":null}},"40":{"start":{"line":139,"column":12},"end":{"line":142,"column":null}},"41":{"start":{"line":146,"column":25},"end":{"line":146,"column":66}},"42":{"start":{"line":148,"column":28},"end":{"line":151,"column":10}},"43":{"start":{"line":152,"column":8},"end":{"line":152,"column":null}},"44":{"start":{"line":154,"column":8},"end":{"line":158,"column":null}},"45":{"start":{"line":155,"column":12},"end":{"line":157,"column":null}},"46":{"start":{"line":160,"column":24},"end":{"line":160,"column":34}},"47":{"start":{"line":164,"column":8},"end":{"line":169,"column":null}},"48":{"start":{"line":165,"column":12},"end":{"line":165,"column":null}},"49":{"start":{"line":167,"column":12},"end":{"line":167,"column":null}},"50":{"start":{"line":168,"column":12},"end":{"line":168,"column":67}},"51":{"start":{"line":172,"column":25},"end":{"line":177,"column":10}},"52":{"start":{"line":180,"column":29},"end":{"line":180,"column":56}},"53":{"start":{"line":181,"column":30},"end":{"line":181,"column":58}},"54":{"start":{"line":182,"column":25},"end":{"line":182,"column":66}},"55":{"start":{"line":185,"column":8},"end":{"line":191,"column":null}},"56":{"start":{"line":194,"column":8},"end":{"line":199,"column":null}},"57":{"start":{"line":195,"column":12},"end":{"line":195,"column":null}},"58":{"start":{"line":198,"column":12},"end":{"line":198,"column":null}},"59":{"start":{"line":202,"column":8},"end":{"line":206,"column":null}},"60":{"start":{"line":203,"column":12},"end":{"line":203,"column":null}},"61":{"start":{"line":205,"column":12},"end":{"line":205,"column":null}},"62":{"start":{"line":208,"column":8},"end":{"line":210,"column":null}},"63":{"start":{"line":221,"column":33},"end":{"line":221,"column":35}},"64":{"start":{"line":224,"column":8},"end":{"line":227,"column":null}},"65":{"start":{"line":225,"column":12},"end":{"line":225,"column":48}},"66":{"start":{"line":226,"column":12},"end":{"line":226,"column":37}},"67":{"start":{"line":228,"column":8},"end":{"line":228,"column":33}},"68":{"start":{"line":232,"column":17},"end":{"line":232,"column":18}},"69":{"start":{"line":235,"column":8},"end":{"line":242,"column":null}},"70":{"start":{"line":235,"column":21},"end":{"line":235,"column":22}},"71":{"start":{"line":236,"column":12},"end":{"line":237,"column":66}},"72":{"start":{"line":237,"column":16},"end":{"line":237,"column":66}},"73":{"start":{"line":238,"column":12},"end":{"line":239,"column":71}},"74":{"start":{"line":239,"column":16},"end":{"line":239,"column":71}},"75":{"start":{"line":240,"column":12},"end":{"line":241,"column":71}},"76":{"start":{"line":241,"column":16},"end":{"line":241,"column":71}},"77":{"start":{"line":243,"column":8},"end":{"line":243,"column":18}},"78":{"start":{"line":51,"column":4},"end":{"line":95,"column":null}},"79":{"start":{"line":103,"column":4},"end":{"line":128,"column":null}},"80":{"start":{"line":133,"column":4},"end":{"line":211,"column":null}},"81":{"start":{"line":41,"column":13},"end":{"line":245,"column":null}},"82":{"start":{"line":41,"column":13},"end":{"line":41,"column":34}}},"fnMap":{"0":{"name":"(anonymous_4)","decl":{"start":{"line":42,"column":4},"end":{"line":42,"column":null}},"loc":{"start":{"line":46,"column":63},"end":{"line":47,"column":9}}},"1":{"name":"(anonymous_5)","decl":{"start":{"line":51,"column":4},"end":{"line":51,"column":9}},"loc":{"start":{"line":51,"column":63},"end":{"line":95,"column":5}}},"2":{"name":"(anonymous_6)","decl":{"start":{"line":103,"column":4},"end":{"line":103,"column":9}},"loc":{"start":{"line":103,"column":63},"end":{"line":128,"column":5}}},"3":{"name":"(anonymous_7)","decl":{"start":{"line":133,"column":4},"end":{"line":133,"column":9}},"loc":{"start":{"line":133,"column":69},"end":{"line":211,"column":5}}},"4":{"name":"(anonymous_8)","decl":{"start":{"line":220,"column":12},"end":{"line":220,"column":24}},"loc":{"start":{"line":220,"column":35},"end":{"line":229,"column":5}}},"5":{"name":"(anonymous_9)","decl":{"start":{"line":231,"column":12},"end":{"line":231,"column":24}},"loc":{"start":{"line":231,"column":41},"end":{"line":244,"column":5}}}},"branchMap":{"0":{"loc":{"start":{"line":51,"column":30},"end":{"line":51,"column":63}},"type":"default-arg","locations":[{"start":{"line":51,"column":61},"end":{"line":51,"column":63}}]},"1":{"loc":{"start":{"line":55,"column":8},"end":{"line":60,"column":null}},"type":"if","locations":[{"start":{"line":55,"column":8},"end":{"line":60,"column":null}}]},"2":{"loc":{"start":{"line":68,"column":12},"end":{"line":73,"column":null}},"type":"if","locations":[{"start":{"line":68,"column":12},"end":{"line":73,"column":null}}]},"3":{"loc":{"start":{"line":86,"column":8},"end":{"line":90,"column":null}},"type":"if","locations":[{"start":{"line":86,"column":8},"end":{"line":90,"column":null}}]},"4":{"loc":{"start":{"line":107,"column":8},"end":{"line":112,"column":null}},"type":"if","locations":[{"start":{"line":107,"column":8},"end":{"line":112,"column":null}}]},"5":{"loc":{"start":{"line":138,"column":8},"end":{"line":143,"column":null}},"type":"if","locations":[{"start":{"line":138,"column":8},"end":{"line":143,"column":null}}]},"6":{"loc":{"start":{"line":154,"column":8},"end":{"line":158,"column":null}},"type":"if","locations":[{"start":{"line":154,"column":8},"end":{"line":158,"column":null}}]},"7":{"loc":{"start":{"line":164,"column":8},"end":{"line":169,"column":null}},"type":"if","locations":[{"start":{"line":164,"column":8},"end":{"line":169,"column":null}},{"start":{"line":166,"column":15},"end":{"line":169,"column":null}}]},"8":{"loc":{"start":{"line":236,"column":12},"end":{"line":237,"column":66}},"type":"if","locations":[{"start":{"line":236,"column":12},"end":{"line":237,"column":66}}]},"9":{"loc":{"start":{"line":236,"column":16},"end":{"line":236,"column":56}},"type":"binary-expr","locations":[{"start":{"line":236,"column":16},"end":{"line":236,"column":34}},{"start":{"line":236,"column":38},"end":{"line":236,"column":56}}]},"10":{"loc":{"start":{"line":238,"column":12},"end":{"line":239,"column":71}},"type":"if","locations":[{"start":{"line":238,"column":12},"end":{"line":239,"column":71}}]},"11":{"loc":{"start":{"line":238,"column":16},"end":{"line":238,"column":56}},"type":"binary-expr","locations":[{"start":{"line":238,"column":16},"end":{"line":238,"column":34}},{"start":{"line":238,"column":38},"end":{"line":238,"column":56}}]},"12":{"loc":{"start":{"line":240,"column":12},"end":{"line":241,"column":71}},"type":"if","locations":[{"start":{"line":240,"column":12},"end":{"line":241,"column":71}}]},"13":{"loc":{"start":{"line":240,"column":16},"end":{"line":240,"column":56}},"type":"binary-expr","locations":[{"start":{"line":240,"column":16},"end":{"line":240,"column":34}},{"start":{"line":240,"column":38},"end":{"line":240,"column":56}}]}},"s":{"0":1,"1":1,"2":1,"3":1,"4":1,"5":1,"6":1,"7":1,"8":1,"9":1,"10":1,"11":1,"12":0,"13":0,"14":0,"15":0,"16":0,"17":0,"18":0,"19":0,"20":0,"21":0,"22":0,"23":0,"24":0,"25":0,"26":0,"27":0,"28":0,"29":0,"30":0,"31":0,"32":0,"33":0,"34":0,"35":0,"36":0,"37":2,"38":2,"39":2,"40":1,"41":1,"42":1,"43":1,"44":1,"45":0,"46":1,"47":1,"48":0,"49":1,"50":1,"51":1,"52":1,"53":1,"54":1,"55":1,"56":1,"57":1,"58":0,"59":0,"60":0,"61":0,"62":0,"63":1,"64":1,"65":1,"66":1,"67":1,"68":0,"69":0,"70":0,"71":0,"72":0,"73":0,"74":0,"75":0,"76":0,"77":0,"78":1,"79":1,"80":1,"81":1,"82":1},"f":{"0":1,"1":0,"2":0,"3":2,"4":1,"5":0},"b":{"0":[0],"1":[0],"2":[0],"3":[0],"4":[0],"5":[1],"6":[0],"7":[0,1],"8":[0],"9":[0,0],"10":[0],"11":[0,0],"12":[0],"13":[0,0]}}
,"/Users/lukejyhuang/Workspace/shortUrlServer/src/modules/shorturlmap/shorturlmap.entity.ts": {"path":"/Users/lukejyhuang/Workspace/shortUrlServer/src/modules/shorturlmap/shorturlmap.entity.ts","statementMap":{"0":{"start":{"line":1,"column":0},"end":{"line":1,"column":77}},"1":{"start":{"line":5,"column":0},"end":{"line":20,"column":null}},"2":{"start":{"line":7,"column":4},"end":{"line":7,"column":null}},"3":{"start":{"line":10,"column":4},"end":{"line":10,"column":null}},"4":{"start":{"line":13,"column":4},"end":{"line":13,"column":null}},"5":{"start":{"line":16,"column":4},"end":{"line":16,"column":null}},"6":{"start":{"line":19,"column":4},"end":{"line":19,"column":null}},"7":{"start":{"line":5,"column":13},"end":{"line":20,"column":null}},"8":{"start":{"line":5,"column":13},"end":{"line":5,"column":24}}},"fnMap":{},"branchMap":{},"s":{"0":1,"1":1,"2":1,"3":1,"4":1,"5":1,"6":1,"7":1,"8":1},"f":{},"b":{}}
,"/Users/lukejyhuang/Workspace/shortUrlServer/src/modules/shorturlmap/shorturlmap.module.ts": {"path":"/Users/lukejyhuang/Workspace/shortUrlServer/src/modules/shorturlmap/shorturlmap.module.ts","statementMap":{"0":{"start":{"line":1,"column":0},"end":{"line":1,"column":40}},"1":{"start":{"line":2,"column":0},"end":{"line":2,"column":59}},"2":{"start":{"line":3,"column":0},"end":{"line":3,"column":57}},"3":{"start":{"line":4,"column":0},"end":{"line":4,"column":59}},"4":{"start":{"line":5,"column":0},"end":{"line":5,"column":71}},"5":{"start":{"line":6,"column":0},"end":{"line":6,"column":65}},"6":{"start":{"line":8,"column":0},"end":{"line":8,"column":48}},"7":{"start":{"line":9,"column":0},"end":{"line":9,"column":51}},"8":{"start":{"line":20,"column":0},"end":{"line":20,"column":null}},"9":{"start":{"line":20,"column":13},"end":{"line":20,"column":null}},"10":{"start":{"line":20,"column":13},"end":{"line":20,"column":30}}},"fnMap":{},"branchMap":{},"s":{"0":1,"1":1,"2":1,"3":1,"4":1,"5":1,"6":1,"7":1,"8":1,"9":1,"10":1},"f":{},"b":{}}
,"/Users/lukejyhuang/Workspace/shortUrlServer/src/modules/shorturlmap/shorturlmap.service.ts": {"path":"/Users/lukejyhuang/Workspace/shortUrlServer/src/modules/shorturlmap/shorturlmap.service.ts","statementMap":{"0":{"start":{"line":1,"column":0},"end":{"line":1,"column":43}},"1":{"start":{"line":2,"column":0},"end":{"line":2,"column":90}},"2":{"start":{"line":3,"column":0},"end":{"line":3,"column":37}},"3":{"start":{"line":4,"column":0},"end":{"line":4,"column":51}},"4":{"start":{"line":14,"column":0},"end":{"line":129,"column":null}},"5":{"start":{"line":18,"column":25},"end":{"line":18,"column":55}},"6":{"start":{"line":20,"column":25},"end":{"line":20,"column":54}},"7":{"start":{"line":34,"column":62},"end":{"line":34,"column":68}},"8":{"start":{"line":36,"column":26},"end":{"line":41,"column":10}},"9":{"start":{"line":42,"column":19},"end":{"line":42,"column":41}},"10":{"start":{"line":43,"column":8},"end":{"line":43,"column":null}},"11":{"start":{"line":67,"column":41},"end":{"line":67,"column":47}},"12":{"start":{"line":68,"column":8},"end":{"line":70,"column":null}},"13":{"start":{"line":85,"column":48},"end":{"line":85,"column":54}},"14":{"start":{"line":86,"column":30},"end":{"line":86,"column":32}},"15":{"start":{"line":87,"column":8},"end":{"line":89,"column":null}},"16":{"start":{"line":88,"column":12},"end":{"line":88,"column":null}},"17":{"start":{"line":90,"column":8},"end":{"line":92,"column":null}},"18":{"start":{"line":91,"column":12},"end":{"line":91,"column":null}},"19":{"start":{"line":93,"column":8},"end":{"line":95,"column":null}},"20":{"start":{"line":94,"column":12},"end":{"line":94,"column":null}},"21":{"start":{"line":96,"column":8},"end":{"line":96,"column":null}},"22":{"start":{"line":97,"column":8},"end":{"line":97,"column":null}},"23":{"start":{"line":110,"column":35},"end":{"line":110,"column":41}},"24":{"start":{"line":111,"column":31},"end":{"line":111,"column":33}},"25":{"start":{"line":112,"column":8},"end":{"line":114,"column":null}},"26":{"start":{"line":113,"column":12},"end":{"line":113,"column":null}},"27":{"start":{"line":116,"column":8},"end":{"line":116,"column":null}},"28":{"start":{"line":126,"column":8},"end":{"line":126,"column":null}},"29":{"start":{"line":127,"column":8},"end":{"line":127,"column":null}},"30":{"start":{"line":14,"column":13},"end":{"line":129,"column":null}},"31":{"start":{"line":14,"column":13},"end":{"line":14,"column":31}}},"fnMap":{"0":{"name":"(anonymous_4)","decl":{"start":{"line":16,"column":4},"end":{"line":16,"column":null}},"loc":{"start":{"line":20,"column":77},"end":{"line":21,"column":9}}},"1":{"name":"(anonymous_5)","decl":{"start":{"line":28,"column":4},"end":{"line":28,"column":9}},"loc":{"start":{"line":33,"column":5},"end":{"line":44,"column":5}}},"2":{"name":"(anonymous_6)","decl":{"start":{"line":59,"column":4},"end":{"line":59,"column":9}},"loc":{"start":{"line":66,"column":5},"end":{"line":71,"column":5}}},"3":{"name":"(anonymous_7)","decl":{"start":{"line":79,"column":4},"end":{"line":79,"column":9}},"loc":{"start":{"line":84,"column":5},"end":{"line":98,"column":5}}},"4":{"name":"(anonymous_8)","decl":{"start":{"line":106,"column":4},"end":{"line":106,"column":9}},"loc":{"start":{"line":109,"column":5},"end":{"line":117,"column":5}}},"5":{"name":"(anonymous_9)","decl":{"start":{"line":125,"column":4},"end":{"line":125,"column":15}},"loc":{"start":{"line":125,"column":28},"end":{"line":128,"column":5}}}},"branchMap":{"0":{"loc":{"start":{"line":34,"column":20},"end":{"line":34,"column":32}},"type":"default-arg","locations":[{"start":{"line":34,"column":30},"end":{"line":34,"column":32}}]},"1":{"loc":{"start":{"line":87,"column":8},"end":{"line":89,"column":null}},"type":"if","locations":[{"start":{"line":87,"column":8},"end":{"line":89,"column":null}}]},"2":{"loc":{"start":{"line":90,"column":8},"end":{"line":92,"column":null}},"type":"if","locations":[{"start":{"line":90,"column":8},"end":{"line":92,"column":null}}]},"3":{"loc":{"start":{"line":93,"column":8},"end":{"line":95,"column":null}},"type":"if","locations":[{"start":{"line":93,"column":8},"end":{"line":95,"column":null}}]},"4":{"loc":{"start":{"line":112,"column":8},"end":{"line":114,"column":null}},"type":"if","locations":[{"start":{"line":112,"column":8},"end":{"line":114,"column":null}}]},"5":{"loc":{"start":{"line":127,"column":15},"end":{"line":127,"column":98}},"type":"cond-expr","locations":[{"start":{"line":127,"column":30},"end":{"line":127,"column":62}},{"start":{"line":127,"column":65},"end":{"line":127,"column":98}}]}},"s":{"0":1,"1":1,"2":1,"3":1,"4":1,"5":1,"6":1,"7":1,"8":1,"9":1,"10":1,"11":1,"12":1,"13":1,"14":1,"15":1,"16":0,"17":1,"18":1,"19":1,"20":0,"21":1,"22":1,"23":0,"24":0,"25":0,"26":0,"27":0,"28":3,"29":3,"30":1,"31":1},"f":{"0":1,"1":1,"2":1,"3":1,"4":0,"5":3},"b":{"0":[0],"1":[0],"2":[1],"3":[0],"4":[0],"5":[3,0]}}
,"/Users/lukejyhuang/Workspace/shortUrlServer/src/services/bloomFilter.service.ts": {"path":"/Users/lukejyhuang/Workspace/shortUrlServer/src/services/bloomFilter.service.ts","statementMap":{"0":{"start":{"line":1,"column":0},"end":{"line":1,"column":51}},"1":{"start":{"line":3,"column":0},"end":{"line":3,"column":56}},"2":{"start":{"line":5,"column":0},"end":{"line":5,"column":43}},"3":{"start":{"line":8,"column":0},"end":{"line":39,"column":null}},"4":{"start":{"line":10,"column":33},"end":{"line":10,"column":47}},"5":{"start":{"line":13,"column":8},"end":{"line":18,"column":null}},"6":{"start":{"line":27,"column":8},"end":{"line":27,"column":null}},"7":{"start":{"line":37,"column":8},"end":{"line":37,"column":null}},"8":{"start":{"line":8,"column":13},"end":{"line":39,"column":null}},"9":{"start":{"line":8,"column":13},"end":{"line":8,"column":31}}},"fnMap":{"0":{"name":"(anonymous_3)","decl":{"start":{"line":10,"column":4},"end":{"line":10,"column":33}},"loc":{"start":{"line":10,"column":59},"end":{"line":19,"column":5}}},"1":{"name":"(anonymous_4)","decl":{"start":{"line":26,"column":4},"end":{"line":26,"column":9}},"loc":{"start":{"line":26,"column":43},"end":{"line":28,"column":5}}},"2":{"name":"(anonymous_5)","decl":{"start":{"line":36,"column":4},"end":{"line":36,"column":9}},"loc":{"start":{"line":36,"column":43},"end":{"line":38,"column":5}}}},"branchMap":{},"s":{"0":1,"1":1,"2":1,"3":1,"4":2,"5":2,"6":0,"7":0,"8":1,"9":1},"f":{"0":2,"1":0,"2":0},"b":{}}
,"/Users/lukejyhuang/Workspace/shortUrlServer/src/services/hash.service.ts": {"path":"/Users/lukejyhuang/Workspace/shortUrlServer/src/services/hash.service.ts","statementMap":{"0":{"start":{"line":1,"column":0},"end":{"line":1,"column":44}},"1":{"start":{"line":2,"column":0},"end":{"line":2,"column":31}},"2":{"start":{"line":5,"column":0},"end":{"line":23,"column":null}},"3":{"start":{"line":8,"column":8},"end":{"line":11,"column":null}},"4":{"start":{"line":21,"column":8},"end":{"line":21,"column":38}},"5":{"start":{"line":5,"column":13},"end":{"line":23,"column":null}},"6":{"start":{"line":5,"column":13},"end":{"line":5,"column":24}}},"fnMap":{"0":{"name":"(anonymous_3)","decl":{"start":{"line":7,"column":4},"end":{"line":7,"column":null}},"loc":{"start":{"line":7,"column":4},"end":{"line":12,"column":5}}},"1":{"name":"(anonymous_4)","decl":{"start":{"line":20,"column":4},"end":{"line":20,"column":19}},"loc":{"start":{"line":20,"column":35},"end":{"line":22,"column":5}}}},"branchMap":{},"s":{"0":1,"1":1,"2":1,"3":1,"4":1,"5":1,"6":1},"f":{"0":1,"1":1},"b":{}}
,"/Users/lukejyhuang/Workspace/shortUrlServer/src/services/redis.service.ts": {"path":"/Users/lukejyhuang/Workspace/shortUrlServer/src/services/redis.service.ts","statementMap":{"0":{"start":{"line":1,"column":0},"end":{"line":1,"column":51}},"1":{"start":{"line":2,"column":0},"end":{"line":2,"column":31}},"2":{"start":{"line":3,"column":0},"end":{"line":3,"column":42}},"3":{"start":{"line":6,"column":0},"end":{"line":54,"column":null}},"4":{"start":{"line":10,"column":8},"end":{"line":10,"column":31}},"5":{"start":{"line":12,"column":8},"end":{"line":14,"column":11}},"6":{"start":{"line":16,"column":8},"end":{"line":18,"column":11}},"7":{"start":{"line":17,"column":12},"end":{"line":17,"column":34}},"8":{"start":{"line":20,"column":8},"end":{"line":22,"column":11}},"9":{"start":{"line":21,"column":12},"end":{"line":21,"column":35}},"10":{"start":{"line":24,"column":8},"end":{"line":26,"column":11}},"11":{"start":{"line":25,"column":12},"end":{"line":25,"column":35}},"12":{"start":{"line":30,"column":8},"end":{"line":40,"column":11}},"13":{"start":{"line":31,"column":12},"end":{"line":39,"column":15}},"14":{"start":{"line":32,"column":16},"end":{"line":38,"column":null}},"15":{"start":{"line":33,"column":20},"end":{"line":33,"column":61}},"16":{"start":{"line":34,"column":23},"end":{"line":38,"column":null}},"17":{"start":{"line":35,"column":20},"end":{"line":35,"column":46}},"18":{"start":{"line":37,"column":20},"end":{"line":37,"column":34}},"19":{"start":{"line":44,"column":8},"end":{"line":52,"column":11}},"20":{"start":{"line":45,"column":12},"end":{"line":51,"column":15}},"21":{"start":{"line":46,"column":16},"end":{"line":50,"column":null}},"22":{"start":{"line":47,"column":20},"end":{"line":47,"column":32}},"23":{"start":{"line":49,"column":20},"end":{"line":49,"column":34}},"24":{"start":{"line":6,"column":13},"end":{"line":54,"column":null}},"25":{"start":{"line":6,"column":13},"end":{"line":6,"column":25}}},"fnMap":{"0":{"name":"(anonymous_8)","decl":{"start":{"line":9,"column":4},"end":{"line":9,"column":null}},"loc":{"start":{"line":9,"column":4},"end":{"line":27,"column":5}}},"1":{"name":"(anonymous_9)","decl":{"start":{"line":16,"column":34},"end":{"line":16,"column":37}},"loc":{"start":{"line":16,"column":39},"end":{"line":18,"column":9}}},"2":{"name":"(anonymous_10)","decl":{"start":{"line":20,"column":30},"end":{"line":20,"column":33}},"loc":{"start":{"line":20,"column":35},"end":{"line":22,"column":9}}},"3":{"name":"(anonymous_11)","decl":{"start":{"line":24,"column":32},"end":{"line":24,"column":35}},"loc":{"start":{"line":24,"column":38},"end":{"line":26,"column":9}}},"4":{"name":"(anonymous_12)","decl":{"start":{"line":29,"column":4},"end":{"line":29,"column":9}},"loc":{"start":{"line":29,"column":17},"end":{"line":41,"column":5}}},"5":{"name":"(anonymous_13)","decl":{"start":{"line":30,"column":27},"end":{"line":30,"column":28}},"loc":{"start":{"line":30,"column":47},"end":{"line":40,"column":9}}},"6":{"name":"(anonymous_14)","decl":{"start":{"line":31,"column":33},"end":{"line":31,"column":34}},"loc":{"start":{"line":31,"column":48},"end":{"line":39,"column":13}}},"7":{"name":"(anonymous_15)","decl":{"start":{"line":43,"column":4},"end":{"line":43,"column":9}},"loc":{"start":{"line":43,"column":33},"end":{"line":53,"column":5}}},"8":{"name":"(anonymous_16)","decl":{"start":{"line":44,"column":27},"end":{"line":44,"column":28}},"loc":{"start":{"line":44,"column":47},"end":{"line":52,"column":9}}},"9":{"name":"(anonymous_17)","decl":{"start":{"line":45,"column":55},"end":{"line":45,"column":56}},"loc":{"start":{"line":45,"column":70},"end":{"line":51,"column":13}}}},"branchMap":{"0":{"loc":{"start":{"line":32,"column":16},"end":{"line":38,"column":null}},"type":"if","locations":[{"start":{"line":32,"column":16},"end":{"line":38,"column":null}},{"start":{"line":34,"column":23},"end":{"line":38,"column":null}}]},"1":{"loc":{"start":{"line":34,"column":23},"end":{"line":38,"column":null}},"type":"if","locations":[{"start":{"line":34,"column":23},"end":{"line":38,"column":null}},{"start":{"line":36,"column":23},"end":{"line":38,"column":null}}]},"2":{"loc":{"start":{"line":46,"column":16},"end":{"line":50,"column":null}},"type":"if","locations":[{"start":{"line":46,"column":16},"end":{"line":50,"column":null}},{"start":{"line":48,"column":23},"end":{"line":50,"column":null}}]}},"s":{"0":1,"1":1,"2":1,"3":1,"4":2,"5":2,"6":2,"7":0,"8":2,"9":2,"10":2,"11":14,"12":0,"13":0,"14":0,"15":0,"16":0,"17":0,"18":0,"19":1,"20":1,"21":0,"22":0,"23":0,"24":1,"25":1},"f":{"0":2,"1":0,"2":2,"3":14,"4":0,"5":0,"6":0,"7":1,"8":1,"9":0},"b":{"0":[0,0],"1":[0,0],"2":[0,0]}}
,"/Users/lukejyhuang/Workspace/shortUrlServer/src/utils/index.ts": {"path":"/Users/lukejyhuang/Workspace/shortUrlServer/src/utils/index.ts","statementMap":{"0":{"start":{"line":1,"column":0},"end":{"line":1,"column":36}},"1":{"start":{"line":9,"column":4},"end":{"line":9,"column":null}},"2":{"start":{"line":8,"column":0},"end":{"line":8,"column":16}},"3":{"start":{"line":18,"column":4},"end":{"line":36,"column":null}},"4":{"start":{"line":19,"column":20},"end":{"line":19,"column":43}},"5":{"start":{"line":20,"column":25},"end":{"line":20,"column":37}},"6":{"start":{"line":21,"column":30},"end":{"line":21,"column":51}},"7":{"start":{"line":22,"column":25},"end":{"line":22,"column":41}},"8":{"start":{"line":23,"column":29},"end":{"line":23,"column":55}},"9":{"start":{"line":24,"column":25},"end":{"line":24,"column":37}},"10":{"start":{"line":25,"column":8},"end":{"line":30,"column":null}},"11":{"start":{"line":32,"column":8},"end":{"line":35,"column":null}},"12":{"start":{"line":12,"column":0},"end":{"line":12,"column":16}}},"fnMap":{"0":{"name":"calSingleCharSub","decl":{"start":{"line":8,"column":16},"end":{"line":8,"column":32}},"loc":{"start":{"line":8,"column":53},"end":{"line":10,"column":1}}},"1":{"name":"transformReqShortUrl","decl":{"start":{"line":12,"column":16},"end":{"line":12,"column":36}},"loc":{"start":{"line":12,"column":59},"end":{"line":38,"column":1}}}},"branchMap":{},"s":{"0":1,"1":0,"2":1,"3":1,"4":1,"5":1,"6":1,"7":1,"8":1,"9":1,"10":1,"11":0,"12":1},"f":{"0":0,"1":1},"b":{}}
}
