{"/Users/lukejyhuang/Workspace/shortUrlServer/src/app.module.ts": {"path":"/Users/lukejyhuang/Workspace/shortUrlServer/src/app.module.ts","statementMap":{"0":{"start":{"line":1,"column":0},"end":{"line":1,"column":60}},"1":{"start":{"line":4,"column":0},"end":{"line":4,"column":48}},"2":{"start":{"line":5,"column":0},"end":{"line":5,"column":77}},"3":{"start":{"line":6,"column":0},"end":{"line":6,"column":55}},"4":{"start":{"line":7,"column":0},"end":{"line":7,"column":68}},"5":{"start":{"line":8,"column":0},"end":{"line":8,"column":55}},"6":{"start":{"line":9,"column":0},"end":{"line":9,"column":42}},"7":{"start":{"line":10,"column":0},"end":{"line":10,"column":50}},"8":{"start":{"line":49,"column":0},"end":{"line":54,"column":null}},"9":{"start":{"line":51,"column":8},"end":{"line":51,"column":null}},"10":{"start":{"line":49,"column":13},"end":{"line":54,"column":null}},"11":{"start":{"line":49,"column":13},"end":{"line":49,"column":22}}},"fnMap":{"0":{"name":"(anonymous_1)","decl":{"start":{"line":50,"column":4},"end":{"line":50,"column":13}},"loc":{"start":{"line":50,"column":42},"end":{"line":52,"column":5}}}},"branchMap":{},"s":{"0":1,"1":1,"2":1,"3":1,"4":1,"5":1,"6":1,"7":1,"8":1,"9":1,"10":1,"11":1},"f":{"0":1},"b":{}}
,"/Users/lukejyhuang/Workspace/shortUrlServer/src/constants.ts": {"path":"/Users/lukejyhuang/Workspace/shortUrlServer/src/constants.ts","statementMap":{"0":{"start":{"line":4,"column":13},"end":{"line":7,"column":null}},"1":{"start":{"line":10,"column":13},"end":{"line":10,"column":null}},"2":{"start":{"line":13,"column":13},"end":{"line":13,"column":null}},"3":{"start":{"line":16,"column":13},"end":{"line":16,"column":null}},"4":{"start":{"line":18,"column":13},"end":{"line":22,"column":null}},"5":{"start":{"line":24,"column":13},"end":{"line":37,"column":null}}},"fnMap":{},"branchMap":{},"s":{"0":1,"1":1,"2":1,"3":1,"4":1,"5":1},"f":{},"b":{}}
,"/Users/lukejyhuang/Workspace/shortUrlServer/src/exception.ts": {"path":"/Users/lukejyhuang/Workspace/shortUrlServer/src/exception.ts","statementMap":{"0":{"start":{"line":1,"column":0},"end":{"line":1,"column":98}},"1":{"start":{"line":2,"column":0},"end":{"line":2,"column":36}},"2":{"start":{"line":7,"column":0},"end":{"line":30,"column":null}},"3":{"start":{"line":9,"column":20},"end":{"line":9,"column":39}},"4":{"start":{"line":10,"column":25},"end":{"line":10,"column":42}},"5":{"start":{"line":11,"column":24},"end":{"line":11,"column":40}},"6":{"start":{"line":13,"column":8},"end":{"line":13,"column":null}},"7":{"start":{"line":14,"column":32},"end":{"line":14,"column":34}},"8":{"start":{"line":14,"column":43},"end":{"line":14,"column":45}},"9":{"start":{"line":14,"column":57},"end":{"line":14,"column":59}},"10":{"start":{"line":15,"column":8},"end":{"line":23,"column":null}},"11":{"start":{"line":16,"column":12},"end":{"line":16,"column":null}},"12":{"start":{"line":17,"column":12},"end":{"line":17,"column":null}},"13":{"start":{"line":18,"column":12},"end":{"line":18,"column":null}},"14":{"start":{"line":21,"column":12},"end":{"line":21,"column":null}},"15":{"start":{"line":22,"column":12},"end":{"line":22,"column":null}},"16":{"start":{"line":25,"column":8},"end":{"line":28,"column":11}},"17":{"start":{"line":7,"column":13},"end":{"line":30,"column":null}},"18":{"start":{"line":7,"column":13},"end":{"line":7,"column":32}}},"fnMap":{"0":{"name":"(anonymous_1)","decl":{"start":{"line":8,"column":4},"end":{"line":8,"column":9}},"loc":{"start":{"line":8,"column":45},"end":{"line":29,"column":5}}}},"branchMap":{},"s":{"0":1,"1":1,"2":1,"3":4,"4":4,"5":4,"6":4,"7":4,"8":4,"9":4,"10":4,"11":4,"12":4,"13":4,"14":0,"15":0,"16":4,"17":1,"18":1},"f":{"0":4},"b":{}}
,"/Users/lukejyhuang/Workspace/shortUrlServer/src/main.ts": {"path":"/Users/lukejyhuang/Workspace/shortUrlServer/src/main.ts","statementMap":{"0":{"start":{"line":1,"column":0},"end":{"line":1,"column":30}},"1":{"start":{"line":2,"column":0},"end":{"line":2,"column":43}},"2":{"start":{"line":3,"column":0},"end":{"line":3,"column":null}},"3":{"start":{"line":8,"column":0},"end":{"line":8,"column":41}},"4":{"start":{"line":10,"column":19},"end":{"line":10,"column":28}},"5":{"start":{"line":11,"column":16},"end":{"line":11,"column":46}},"6":{"start":{"line":12,"column":13},"end":{"line":12,"column":37}},"7":{"start":{"line":15,"column":16},"end":{"line":17,"column":null}},"8":{"start":{"line":21,"column":4},"end":{"line":21,"column":32}},"9":{"start":{"line":22,"column":4},"end":{"line":22,"column":null}},"10":{"start":{"line":25,"column":4},"end":{"line":29,"column":null}},"11":{"start":{"line":26,"column":8},"end":{"line":26,"column":31}},"12":{"start":{"line":28,"column":8},"end":{"line":28,"column":25}},"13":{"start":{"line":31,"column":4},"end":{"line":31,"column":22}},"14":{"start":{"line":14,"column":0},"end":{"line":14,"column":7}},"15":{"start":{"line":35,"column":0},"end":{"line":39,"column":null}},"16":{"start":{"line":36,"column":4},"end":{"line":38,"column":7}},"17":{"start":{"line":37,"column":8},"end":{"line":37,"column":62}}},"fnMap":{"0":{"name":"bootstrap","decl":{"start":{"line":14,"column":22},"end":{"line":14,"column":31}},"loc":{"start":{"line":14,"column":31},"end":{"line":32,"column":1}}},"1":{"name":"(anonymous_2)","decl":{"start":{"line":36,"column":21},"end":{"line":36,"column":24}},"loc":{"start":{"line":36,"column":26},"end":{"line":38,"column":5}}}},"branchMap":{"0":{"loc":{"start":{"line":12,"column":13},"end":{"line":12,"column":37}},"type":"binary-expr","locations":[{"start":{"line":12,"column":13},"end":{"line":12,"column":29}},{"start":{"line":12,"column":33},"end":{"line":12,"column":37}}]},"1":{"loc":{"start":{"line":25,"column":4},"end":{"line":29,"column":null}},"type":"if","locations":[{"start":{"line":25,"column":4},"end":{"line":29,"column":null}},{"start":{"line":27,"column":11},"end":{"line":29,"column":null}}]},"2":{"loc":{"start":{"line":35,"column":0},"end":{"line":39,"column":null}},"type":"if","locations":[{"start":{"line":35,"column":0},"end":{"line":39,"column":null}}]}},"s":{"0":0,"1":0,"2":0,"3":0,"4":0,"5":0,"6":0,"7":0,"8":0,"9":0,"10":0,"11":0,"12":0,"13":0,"14":0,"15":0,"16":0,"17":0},"f":{"0":0,"1":0},"b":{"0":[0,0],"1":[0,0],"2":[0]}}
,"/Users/lukejyhuang/Workspace/shortUrlServer/src/middlewares/filter.ts": {"path":"/Users/lukejyhuang/Workspace/shortUrlServer/src/middlewares/filter.ts","statementMap":{"0":{"start":{"line":1,"column":0},"end":{"line":1,"column":67}},"1":{"start":{"line":4,"column":0},"end":{"line":4,"column":68}},"2":{"start":{"line":5,"column":0},"end":{"line":5,"column":36}},"3":{"start":{"line":8,"column":0},"end":{"line":64,"column":null}},"4":{"start":{"line":10,"column":25},"end":{"line":10,"column":45}},"5":{"start":{"line":13,"column":23},"end":{"line":13,"column":33}},"6":{"start":{"line":14,"column":22},"end":{"line":14,"column":31}},"7":{"start":{"line":16,"column":8},"end":{"line":60,"column":null}},"8":{"start":{"line":17,"column":33},"end":{"line":17,"column":38}},"9":{"start":{"line":18,"column":12},"end":{"line":59,"column":null}},"10":{"start":{"line":20,"column":16},"end":{"line":23,"column":20}},"11":{"start":{"line":26,"column":16},"end":{"line":26,"column":null}},"12":{"start":{"line":27,"column":28},"end":{"line":27,"column":45}},"13":{"start":{"line":28,"column":36},"end":{"line":28,"column":48}},"14":{"start":{"line":29,"column":32},"end":{"line":29,"column":44}},"15":{"start":{"line":32,"column":16},"end":{"line":37,"column":null}},"16":{"start":{"line":33,"column":20},"end":{"line":36,"column":null}},"17":{"start":{"line":39,"column":16},"end":{"line":44,"column":null}},"18":{"start":{"line":40,"column":20},"end":{"line":43,"column":null}},"19":{"start":{"line":45,"column":38},"end":{"line":45,"column":62}},"20":{"start":{"line":46,"column":16},"end":{"line":46,"column":null}},"21":{"start":{"line":47,"column":39},"end":{"line":47,"column":104}},"22":{"start":{"line":48,"column":16},"end":{"line":48,"column":null}},"23":{"start":{"line":49,"column":16},"end":{"line":58,"column":null}},"24":{"start":{"line":50,"column":20},"end":{"line":50,"column":null}},"25":{"start":{"line":51,"column":20},"end":{"line":51,"column":26}},"26":{"start":{"line":54,"column":20},"end":{"line":57,"column":null}},"27":{"start":{"line":62,"column":8},"end":{"line":62,"column":15}},"28":{"start":{"line":8,"column":13},"end":{"line":64,"column":null}},"29":{"start":{"line":8,"column":13},"end":{"line":8,"column":29}}},"fnMap":{"0":{"name":"(anonymous_2)","decl":{"start":{"line":9,"column":4},"end":{"line":9,"column":null}},"loc":{"start":{"line":10,"column":63},"end":{"line":11,"column":9}}},"1":{"name":"(anonymous_3)","decl":{"start":{"line":12,"column":4},"end":{"line":12,"column":9}},"loc":{"start":{"line":12,"column":57},"end":{"line":63,"column":5}}}},"branchMap":{"0":{"loc":{"start":{"line":16,"column":8},"end":{"line":60,"column":null}},"type":"if","locations":[{"start":{"line":16,"column":8},"end":{"line":60,"column":null}}]},"1":{"loc":{"start":{"line":16,"column":12},"end":{"line":16,"column":59}},"type":"binary-expr","locations":[{"start":{"line":16,"column":13},"end":{"line":16,"column":29}},{"start":{"line":16,"column":33},"end":{"line":16,"column":49}},{"start":{"line":16,"column":54},"end":{"line":16,"column":59}}]},"2":{"loc":{"start":{"line":18,"column":12},"end":{"line":59,"column":null}},"type":"if","locations":[{"start":{"line":18,"column":12},"end":{"line":59,"column":null}},{"start":{"line":24,"column":19},"end":{"line":59,"column":null}}]},"3":{"loc":{"start":{"line":32,"column":16},"end":{"line":37,"column":null}},"type":"if","locations":[{"start":{"line":32,"column":16},"end":{"line":37,"column":null}}]},"4":{"loc":{"start":{"line":39,"column":16},"end":{"line":44,"column":null}},"type":"if","locations":[{"start":{"line":39,"column":16},"end":{"line":44,"column":null}}]},"5":{"loc":{"start":{"line":49,"column":16},"end":{"line":58,"column":null}},"type":"if","locations":[{"start":{"line":49,"column":16},"end":{"line":58,"column":null}},{"start":{"line":52,"column":23},"end":{"line":58,"column":null}}]}},"s":{"0":1,"1":1,"2":1,"3":1,"4":1,"5":6,"6":6,"7":6,"8":3,"9":3,"10":1,"11":2,"12":2,"13":2,"14":2,"15":2,"16":1,"17":1,"18":0,"19":1,"20":1,"21":1,"22":1,"23":1,"24":0,"25":0,"26":1,"27":3,"28":1,"29":1},"f":{"0":1,"1":6},"b":{"0":[3],"1":[6,6,3],"2":[1,2],"3":[1],"4":[0],"5":[0,1]}}
,"/Users/lukejyhuang/Workspace/shortUrlServer/src/modules/shorturlmap/shorturlmap.controller.ts": {"path":"/Users/lukejyhuang/Workspace/shortUrlServer/src/modules/shorturlmap/shorturlmap.controller.ts","statementMap":{"0":{"start":{"line":1,"column":0},"end":{"line":1,"column":null}},"1":{"start":{"line":16,"column":0},"end":{"line":16,"column":58}},"2":{"start":{"line":17,"column":0},"end":{"line":17,"column":86}},"3":{"start":{"line":18,"column":0},"end":{"line":18,"column":57}},"4":{"start":{"line":19,"column":0},"end":{"line":19,"column":46}},"5":{"start":{"line":20,"column":0},"end":{"line":20,"column":59}},"6":{"start":{"line":21,"column":0},"end":{"line":21,"column":71}},"7":{"start":{"line":32,"column":13},"end":{"line":35,"column":null}},"8":{"start":{"line":38,"column":0},"end":{"line":258,"column":null}},"9":{"start":{"line":40,"column":25},"end":{"line":40,"column":42}},"10":{"start":{"line":41,"column":25},"end":{"line":41,"column":38}},"11":{"start":{"line":42,"column":25},"end":{"line":42,"column":39}},"12":{"start":{"line":43,"column":25},"end":{"line":43,"column":45}},"13":{"start":{"line":49,"column":29},"end":{"line":49,"column":34}},"14":{"start":{"line":52,"column":8},"end":{"line":57,"column":null}},"15":{"start":{"line":53,"column":12},"end":{"line":56,"column":null}},"16":{"start":{"line":60,"column":58},"end":{"line":60,"column":93}},"17":{"start":{"line":63,"column":8},"end":{"line":73,"column":null}},"18":{"start":{"line":64,"column":26},"end":{"line":64,"column":68}},"19":{"start":{"line":65,"column":12},"end":{"line":70,"column":null}},"20":{"start":{"line":66,"column":16},"end":{"line":66,"column":null}},"21":{"start":{"line":67,"column":16},"end":{"line":69,"column":null}},"22":{"start":{"line":72,"column":12},"end":{"line":72,"column":null}},"23":{"start":{"line":77,"column":19},"end":{"line":77,"column":50}},"24":{"start":{"line":78,"column":26},"end":{"line":81,"column":10}},"25":{"start":{"line":82,"column":8},"end":{"line":82,"column":null}},"26":{"start":{"line":83,"column":8},"end":{"line":87,"column":null}},"27":{"start":{"line":84,"column":12},"end":{"line":86,"column":null}},"28":{"start":{"line":89,"column":8},"end":{"line":91,"column":null}},"29":{"start":{"line":101,"column":29},"end":{"line":101,"column":33}},"30":{"start":{"line":104,"column":8},"end":{"line":109,"column":null}},"31":{"start":{"line":105,"column":12},"end":{"line":108,"column":null}},"32":{"start":{"line":112,"column":58},"end":{"line":112,"column":93}},"33":{"start":{"line":114,"column":20},"end":{"line":117,"column":10}},"34":{"start":{"line":118,"column":8},"end":{"line":118,"column":null}},"35":{"start":{"line":120,"column":8},"end":{"line":124,"column":null}},"36":{"start":{"line":121,"column":12},"end":{"line":121,"column":null}},"37":{"start":{"line":123,"column":12},"end":{"line":123,"column":null}},"38":{"start":{"line":131,"column":8},"end":{"line":131,"column":null}},"39":{"start":{"line":132,"column":40},"end":{"line":132,"column":44}},"40":{"start":{"line":135,"column":8},"end":{"line":140,"column":null}},"41":{"start":{"line":136,"column":12},"end":{"line":139,"column":null}},"42":{"start":{"line":143,"column":25},"end":{"line":143,"column":66}},"43":{"start":{"line":145,"column":28},"end":{"line":148,"column":10}},"44":{"start":{"line":149,"column":8},"end":{"line":149,"column":null}},"45":{"start":{"line":151,"column":8},"end":{"line":155,"column":null}},"46":{"start":{"line":152,"column":12},"end":{"line":154,"column":null}},"47":{"start":{"line":157,"column":24},"end":{"line":157,"column":34}},"48":{"start":{"line":161,"column":8},"end":{"line":166,"column":null}},"49":{"start":{"line":162,"column":12},"end":{"line":162,"column":null}},"50":{"start":{"line":164,"column":12},"end":{"line":164,"column":null}},"51":{"start":{"line":165,"column":12},"end":{"line":165,"column":67}},"52":{"start":{"line":169,"column":25},"end":{"line":174,"column":10}},"53":{"start":{"line":177,"column":29},"end":{"line":177,"column":56}},"54":{"start":{"line":178,"column":30},"end":{"line":178,"column":58}},"55":{"start":{"line":179,"column":25},"end":{"line":179,"column":66}},"56":{"start":{"line":182,"column":8},"end":{"line":188,"column":null}},"57":{"start":{"line":191,"column":8},"end":{"line":196,"column":null}},"58":{"start":{"line":192,"column":12},"end":{"line":192,"column":null}},"59":{"start":{"line":195,"column":12},"end":{"line":195,"column":null}},"60":{"start":{"line":199,"column":8},"end":{"line":203,"column":null}},"61":{"start":{"line":200,"column":12},"end":{"line":200,"column":null}},"62":{"start":{"line":202,"column":12},"end":{"line":202,"column":null}},"63":{"start":{"line":205,"column":8},"end":{"line":207,"column":null}},"64":{"start":{"line":218,"column":33},"end":{"line":218,"column":35}},"65":{"start":{"line":221,"column":8},"end":{"line":224,"column":null}},"66":{"start":{"line":222,"column":12},"end":{"line":222,"column":48}},"67":{"start":{"line":223,"column":12},"end":{"line":223,"column":37}},"68":{"start":{"line":225,"column":8},"end":{"line":225,"column":33}},"69":{"start":{"line":229,"column":17},"end":{"line":229,"column":18}},"70":{"start":{"line":232,"column":8},"end":{"line":239,"column":null}},"71":{"start":{"line":232,"column":21},"end":{"line":232,"column":22}},"72":{"start":{"line":233,"column":12},"end":{"line":234,"column":66}},"73":{"start":{"line":234,"column":16},"end":{"line":234,"column":66}},"74":{"start":{"line":235,"column":12},"end":{"line":236,"column":71}},"75":{"start":{"line":236,"column":16},"end":{"line":236,"column":71}},"76":{"start":{"line":237,"column":12},"end":{"line":238,"column":71}},"77":{"start":{"line":238,"column":16},"end":{"line":238,"column":71}},"78":{"start":{"line":240,"column":8},"end":{"line":240,"column":18}},"79":{"start":{"line":248,"column":25},"end":{"line":248,"column":57}},"80":{"start":{"line":249,"column":30},"end":{"line":249,"column":51}},"81":{"start":{"line":250,"column":25},"end":{"line":250,"column":41}},"82":{"start":{"line":251,"column":29},"end":{"line":251,"column":55}},"83":{"start":{"line":252,"column":8},"end":{"line":256,"column":null}},"84":{"start":{"line":48,"column":4},"end":{"line":92,"column":null}},"85":{"start":{"line":100,"column":4},"end":{"line":125,"column":null}},"86":{"start":{"line":130,"column":4},"end":{"line":208,"column":null}},"87":{"start":{"line":38,"column":13},"end":{"line":258,"column":null}},"88":{"start":{"line":38,"column":13},"end":{"line":38,"column":34}}},"fnMap":{"0":{"name":"(anonymous_4)","decl":{"start":{"line":39,"column":4},"end":{"line":39,"column":null}},"loc":{"start":{"line":43,"column":63},"end":{"line":44,"column":9}}},"1":{"name":"(anonymous_5)","decl":{"start":{"line":48,"column":4},"end":{"line":48,"column":9}},"loc":{"start":{"line":48,"column":63},"end":{"line":92,"column":5}}},"2":{"name":"(anonymous_6)","decl":{"start":{"line":100,"column":4},"end":{"line":100,"column":9}},"loc":{"start":{"line":100,"column":63},"end":{"line":125,"column":5}}},"3":{"name":"(anonymous_7)","decl":{"start":{"line":130,"column":4},"end":{"line":130,"column":9}},"loc":{"start":{"line":130,"column":69},"end":{"line":208,"column":5}}},"4":{"name":"(anonymous_8)","decl":{"start":{"line":217,"column":12},"end":{"line":217,"column":24}},"loc":{"start":{"line":217,"column":35},"end":{"line":226,"column":5}}},"5":{"name":"(anonymous_9)","decl":{"start":{"line":228,"column":12},"end":{"line":228,"column":24}},"loc":{"start":{"line":228,"column":41},"end":{"line":241,"column":5}}},"6":{"name":"(anonymous_10)","decl":{"start":{"line":243,"column":12},"end":{"line":243,"column":32}},"loc":{"start":{"line":243,"column":55},"end":{"line":257,"column":5}}}},"branchMap":{"0":{"loc":{"start":{"line":48,"column":30},"end":{"line":48,"column":63}},"type":"default-arg","locations":[{"start":{"line":48,"column":61},"end":{"line":48,"column":63}}]},"1":{"loc":{"start":{"line":52,"column":8},"end":{"line":57,"column":null}},"type":"if","locations":[{"start":{"line":52,"column":8},"end":{"line":57,"column":null}}]},"2":{"loc":{"start":{"line":65,"column":12},"end":{"line":70,"column":null}},"type":"if","locations":[{"start":{"line":65,"column":12},"end":{"line":70,"column":null}}]},"3":{"loc":{"start":{"line":83,"column":8},"end":{"line":87,"column":null}},"type":"if","locations":[{"start":{"line":83,"column":8},"end":{"line":87,"column":null}}]},"4":{"loc":{"start":{"line":104,"column":8},"end":{"line":109,"column":null}},"type":"if","locations":[{"start":{"line":104,"column":8},"end":{"line":109,"column":null}}]},"5":{"loc":{"start":{"line":135,"column":8},"end":{"line":140,"column":null}},"type":"if","locations":[{"start":{"line":135,"column":8},"end":{"line":140,"column":null}}]},"6":{"loc":{"start":{"line":151,"column":8},"end":{"line":155,"column":null}},"type":"if","locations":[{"start":{"line":151,"column":8},"end":{"line":155,"column":null}}]},"7":{"loc":{"start":{"line":161,"column":8},"end":{"line":166,"column":null}},"type":"if","locations":[{"start":{"line":161,"column":8},"end":{"line":166,"column":null}},{"start":{"line":163,"column":15},"end":{"line":166,"column":null}}]},"8":{"loc":{"start":{"line":233,"column":12},"end":{"line":234,"column":66}},"type":"if","locations":[{"start":{"line":233,"column":12},"end":{"line":234,"column":66}}]},"9":{"loc":{"start":{"line":233,"column":16},"end":{"line":233,"column":56}},"type":"binary-expr","locations":[{"start":{"line":233,"column":16},"end":{"line":233,"column":34}},{"start":{"line":233,"column":38},"end":{"line":233,"column":56}}]},"10":{"loc":{"start":{"line":235,"column":12},"end":{"line":236,"column":71}},"type":"if","locations":[{"start":{"line":235,"column":12},"end":{"line":236,"column":71}}]},"11":{"loc":{"start":{"line":235,"column":16},"end":{"line":235,"column":56}},"type":"binary-expr","locations":[{"start":{"line":235,"column":16},"end":{"line":235,"column":34}},{"start":{"line":235,"column":38},"end":{"line":235,"column":56}}]},"12":{"loc":{"start":{"line":237,"column":12},"end":{"line":238,"column":71}},"type":"if","locations":[{"start":{"line":237,"column":12},"end":{"line":238,"column":71}}]},"13":{"loc":{"start":{"line":237,"column":16},"end":{"line":237,"column":56}},"type":"binary-expr","locations":[{"start":{"line":237,"column":16},"end":{"line":237,"column":34}},{"start":{"line":237,"column":38},"end":{"line":237,"column":56}}]}},"s":{"0":1,"1":1,"2":1,"3":1,"4":1,"5":1,"6":1,"7":1,"8":1,"9":1,"10":1,"11":1,"12":1,"13":0,"14":0,"15":0,"16":0,"17":0,"18":0,"19":0,"20":0,"21":0,"22":0,"23":0,"24":0,"25":0,"26":0,"27":0,"28":0,"29":1,"30":1,"31":0,"32":1,"33":1,"34":1,"35":1,"36":1,"37":0,"38":2,"39":2,"40":2,"41":1,"42":1,"43":1,"44":1,"45":1,"46":0,"47":1,"48":1,"49":0,"50":1,"51":1,"52":1,"53":1,"54":1,"55":1,"56":1,"57":1,"58":1,"59":0,"60":1,"61":1,"62":0,"63":1,"64":1,"65":1,"66":1,"67":1,"68":1,"69":0,"70":0,"71":0,"72":0,"73":0,"74":0,"75":0,"76":0,"77":0,"78":0,"79":1,"80":1,"81":1,"82":1,"83":1,"84":1,"85":1,"86":1,"87":1,"88":1},"f":{"0":1,"1":0,"2":1,"3":2,"4":1,"5":0,"6":1},"b":{"0":[0],"1":[0],"2":[0],"3":[0],"4":[0],"5":[1],"6":[0],"7":[0,1],"8":[0],"9":[0,0],"10":[0],"11":[0,0],"12":[0],"13":[0,0]}}
,"/Users/lukejyhuang/Workspace/shortUrlServer/src/modules/shorturlmap/shorturlmap.entity.ts": {"path":"/Users/lukejyhuang/Workspace/shortUrlServer/src/modules/shorturlmap/shorturlmap.entity.ts","statementMap":{"0":{"start":{"line":1,"column":0},"end":{"line":1,"column":77}},"1":{"start":{"line":5,"column":0},"end":{"line":20,"column":null}},"2":{"start":{"line":7,"column":4},"end":{"line":7,"column":null}},"3":{"start":{"line":10,"column":4},"end":{"line":10,"column":null}},"4":{"start":{"line":13,"column":4},"end":{"line":13,"column":null}},"5":{"start":{"line":16,"column":4},"end":{"line":16,"column":null}},"6":{"start":{"line":19,"column":4},"end":{"line":19,"column":null}},"7":{"start":{"line":5,"column":13},"end":{"line":20,"column":null}},"8":{"start":{"line":5,"column":13},"end":{"line":5,"column":24}}},"fnMap":{},"branchMap":{},"s":{"0":1,"1":1,"2":1,"3":1,"4":1,"5":1,"6":1,"7":1,"8":1},"f":{},"b":{}}
,"/Users/lukejyhuang/Workspace/shortUrlServer/src/modules/shorturlmap/shorturlmap.module.ts": {"path":"/Users/lukejyhuang/Workspace/shortUrlServer/src/modules/shorturlmap/shorturlmap.module.ts","statementMap":{"0":{"start":{"line":1,"column":0},"end":{"line":1,"column":40}},"1":{"start":{"line":2,"column":0},"end":{"line":2,"column":59}},"2":{"start":{"line":3,"column":0},"end":{"line":3,"column":57}},"3":{"start":{"line":4,"column":0},"end":{"line":4,"column":59}},"4":{"start":{"line":5,"column":0},"end":{"line":5,"column":71}},"5":{"start":{"line":6,"column":0},"end":{"line":6,"column":65}},"6":{"start":{"line":8,"column":0},"end":{"line":8,"column":48}},"7":{"start":{"line":9,"column":0},"end":{"line":9,"column":51}},"8":{"start":{"line":20,"column":0},"end":{"line":20,"column":null}},"9":{"start":{"line":20,"column":13},"end":{"line":20,"column":null}},"10":{"start":{"line":20,"column":13},"end":{"line":20,"column":30}}},"fnMap":{},"branchMap":{},"s":{"0":1,"1":1,"2":1,"3":1,"4":1,"5":1,"6":1,"7":1,"8":1,"9":1,"10":1},"f":{},"b":{}}
,"/Users/lukejyhuang/Workspace/shortUrlServer/src/modules/shorturlmap/shorturlmap.service.ts": {"path":"/Users/lukejyhuang/Workspace/shortUrlServer/src/modules/shorturlmap/shorturlmap.service.ts","statementMap":{"0":{"start":{"line":1,"column":0},"end":{"line":1,"column":43}},"1":{"start":{"line":5,"column":0},"end":{"line":5,"column":90}},"2":{"start":{"line":6,"column":0},"end":{"line":6,"column":37}},"3":{"start":{"line":7,"column":0},"end":{"line":7,"column":51}},"4":{"start":{"line":18,"column":0},"end":{"line":137,"column":null}},"5":{"start":{"line":22,"column":25},"end":{"line":22,"column":55}},"6":{"start":{"line":24,"column":25},"end":{"line":24,"column":54}},"7":{"start":{"line":42,"column":62},"end":{"line":42,"column":68}},"8":{"start":{"line":44,"column":26},"end":{"line":49,"column":10}},"9":{"start":{"line":50,"column":19},"end":{"line":50,"column":41}},"10":{"start":{"line":51,"column":8},"end":{"line":51,"column":null}},"11":{"start":{"line":75,"column":41},"end":{"line":75,"column":47}},"12":{"start":{"line":76,"column":8},"end":{"line":78,"column":null}},"13":{"start":{"line":93,"column":48},"end":{"line":93,"column":54}},"14":{"start":{"line":94,"column":30},"end":{"line":94,"column":32}},"15":{"start":{"line":95,"column":8},"end":{"line":97,"column":null}},"16":{"start":{"line":96,"column":12},"end":{"line":96,"column":null}},"17":{"start":{"line":98,"column":8},"end":{"line":100,"column":null}},"18":{"start":{"line":99,"column":12},"end":{"line":99,"column":null}},"19":{"start":{"line":101,"column":8},"end":{"line":103,"column":null}},"20":{"start":{"line":102,"column":12},"end":{"line":102,"column":null}},"21":{"start":{"line":104,"column":8},"end":{"line":104,"column":null}},"22":{"start":{"line":105,"column":8},"end":{"line":105,"column":null}},"23":{"start":{"line":118,"column":35},"end":{"line":118,"column":41}},"24":{"start":{"line":119,"column":31},"end":{"line":119,"column":33}},"25":{"start":{"line":120,"column":8},"end":{"line":122,"column":null}},"26":{"start":{"line":121,"column":12},"end":{"line":121,"column":null}},"27":{"start":{"line":124,"column":8},"end":{"line":124,"column":null}},"28":{"start":{"line":134,"column":8},"end":{"line":134,"column":null}},"29":{"start":{"line":135,"column":8},"end":{"line":135,"column":null}},"30":{"start":{"line":18,"column":13},"end":{"line":137,"column":null}},"31":{"start":{"line":18,"column":13},"end":{"line":18,"column":31}}},"fnMap":{"0":{"name":"(anonymous_4)","decl":{"start":{"line":20,"column":4},"end":{"line":20,"column":null}},"loc":{"start":{"line":24,"column":77},"end":{"line":29,"column":9}}},"1":{"name":"(anonymous_5)","decl":{"start":{"line":36,"column":4},"end":{"line":36,"column":9}},"loc":{"start":{"line":41,"column":5},"end":{"line":52,"column":5}}},"2":{"name":"(anonymous_6)","decl":{"start":{"line":67,"column":4},"end":{"line":67,"column":9}},"loc":{"start":{"line":74,"column":5},"end":{"line":79,"column":5}}},"3":{"name":"(anonymous_7)","decl":{"start":{"line":87,"column":4},"end":{"line":87,"column":9}},"loc":{"start":{"line":92,"column":5},"end":{"line":106,"column":5}}},"4":{"name":"(anonymous_8)","decl":{"start":{"line":114,"column":4},"end":{"line":114,"column":9}},"loc":{"start":{"line":117,"column":5},"end":{"line":125,"column":5}}},"5":{"name":"(anonymous_9)","decl":{"start":{"line":133,"column":4},"end":{"line":133,"column":15}},"loc":{"start":{"line":133,"column":28},"end":{"line":136,"column":5}}}},"branchMap":{"0":{"loc":{"start":{"line":42,"column":20},"end":{"line":42,"column":32}},"type":"default-arg","locations":[{"start":{"line":42,"column":30},"end":{"line":42,"column":32}}]},"1":{"loc":{"start":{"line":95,"column":8},"end":{"line":97,"column":null}},"type":"if","locations":[{"start":{"line":95,"column":8},"end":{"line":97,"column":null}}]},"2":{"loc":{"start":{"line":98,"column":8},"end":{"line":100,"column":null}},"type":"if","locations":[{"start":{"line":98,"column":8},"end":{"line":100,"column":null}}]},"3":{"loc":{"start":{"line":101,"column":8},"end":{"line":103,"column":null}},"type":"if","locations":[{"start":{"line":101,"column":8},"end":{"line":103,"column":null}}]},"4":{"loc":{"start":{"line":120,"column":8},"end":{"line":122,"column":null}},"type":"if","locations":[{"start":{"line":120,"column":8},"end":{"line":122,"column":null}}]},"5":{"loc":{"start":{"line":135,"column":15},"end":{"line":135,"column":98}},"type":"cond-expr","locations":[{"start":{"line":135,"column":30},"end":{"line":135,"column":62}},{"start":{"line":135,"column":65},"end":{"line":135,"column":98}}]}},"s":{"0":1,"1":1,"2":1,"3":1,"4":1,"5":1,"6":1,"7":1,"8":1,"9":1,"10":1,"11":1,"12":1,"13":1,"14":1,"15":1,"16":0,"17":1,"18":1,"19":1,"20":0,"21":1,"22":1,"23":1,"24":1,"25":1,"26":1,"27":1,"28":4,"29":4,"30":1,"31":1},"f":{"0":1,"1":1,"2":1,"3":1,"4":1,"5":4},"b":{"0":[0],"1":[0],"2":[1],"3":[0],"4":[1],"5":[4,0]}}
,"/Users/lukejyhuang/Workspace/shortUrlServer/src/services/bloomFilter.service.ts": {"path":"/Users/lukejyhuang/Workspace/shortUrlServer/src/services/bloomFilter.service.ts","statementMap":{"0":{"start":{"line":1,"column":0},"end":{"line":1,"column":51}},"1":{"start":{"line":3,"column":0},"end":{"line":3,"column":56}},"2":{"start":{"line":5,"column":0},"end":{"line":5,"column":43}},"3":{"start":{"line":8,"column":0},"end":{"line":39,"column":null}},"4":{"start":{"line":10,"column":33},"end":{"line":10,"column":47}},"5":{"start":{"line":13,"column":8},"end":{"line":18,"column":null}},"6":{"start":{"line":27,"column":8},"end":{"line":27,"column":null}},"7":{"start":{"line":37,"column":8},"end":{"line":37,"column":null}},"8":{"start":{"line":8,"column":13},"end":{"line":39,"column":null}},"9":{"start":{"line":8,"column":13},"end":{"line":8,"column":31}}},"fnMap":{"0":{"name":"(anonymous_3)","decl":{"start":{"line":10,"column":4},"end":{"line":10,"column":33}},"loc":{"start":{"line":10,"column":59},"end":{"line":19,"column":5}}},"1":{"name":"(anonymous_4)","decl":{"start":{"line":26,"column":4},"end":{"line":26,"column":9}},"loc":{"start":{"line":26,"column":43},"end":{"line":28,"column":5}}},"2":{"name":"(anonymous_5)","decl":{"start":{"line":36,"column":4},"end":{"line":36,"column":9}},"loc":{"start":{"line":36,"column":43},"end":{"line":38,"column":5}}}},"branchMap":{},"s":{"0":1,"1":1,"2":1,"3":1,"4":2,"5":2,"6":1,"7":1,"8":1,"9":1},"f":{"0":2,"1":1,"2":1},"b":{}}
,"/Users/lukejyhuang/Workspace/shortUrlServer/src/services/hash.service.ts": {"path":"/Users/lukejyhuang/Workspace/shortUrlServer/src/services/hash.service.ts","statementMap":{"0":{"start":{"line":1,"column":0},"end":{"line":1,"column":44}},"1":{"start":{"line":2,"column":0},"end":{"line":2,"column":31}},"2":{"start":{"line":5,"column":0},"end":{"line":23,"column":null}},"3":{"start":{"line":8,"column":8},"end":{"line":11,"column":null}},"4":{"start":{"line":21,"column":8},"end":{"line":21,"column":38}},"5":{"start":{"line":5,"column":13},"end":{"line":23,"column":null}},"6":{"start":{"line":5,"column":13},"end":{"line":5,"column":24}}},"fnMap":{"0":{"name":"(anonymous_3)","decl":{"start":{"line":7,"column":4},"end":{"line":7,"column":null}},"loc":{"start":{"line":7,"column":4},"end":{"line":12,"column":5}}},"1":{"name":"(anonymous_4)","decl":{"start":{"line":20,"column":4},"end":{"line":20,"column":19}},"loc":{"start":{"line":20,"column":35},"end":{"line":22,"column":5}}}},"branchMap":{},"s":{"0":1,"1":1,"2":1,"3":1,"4":1,"5":1,"6":1},"f":{"0":1,"1":1},"b":{}}
,"/Users/lukejyhuang/Workspace/shortUrlServer/src/services/redis.service.ts": {"path":"/Users/lukejyhuang/Workspace/shortUrlServer/src/services/redis.service.ts","statementMap":{"0":{"start":{"line":1,"column":0},"end":{"line":1,"column":51}},"1":{"start":{"line":2,"column":0},"end":{"line":2,"column":31}},"2":{"start":{"line":3,"column":0},"end":{"line":3,"column":42}},"3":{"start":{"line":6,"column":0},"end":{"line":54,"column":null}},"4":{"start":{"line":10,"column":8},"end":{"line":10,"column":31}},"5":{"start":{"line":12,"column":8},"end":{"line":14,"column":11}},"6":{"start":{"line":16,"column":8},"end":{"line":18,"column":11}},"7":{"start":{"line":17,"column":12},"end":{"line":17,"column":34}},"8":{"start":{"line":20,"column":8},"end":{"line":22,"column":11}},"9":{"start":{"line":21,"column":12},"end":{"line":21,"column":35}},"10":{"start":{"line":24,"column":8},"end":{"line":26,"column":11}},"11":{"start":{"line":25,"column":12},"end":{"line":25,"column":35}},"12":{"start":{"line":30,"column":8},"end":{"line":40,"column":11}},"13":{"start":{"line":31,"column":12},"end":{"line":39,"column":15}},"14":{"start":{"line":32,"column":16},"end":{"line":38,"column":null}},"15":{"start":{"line":33,"column":20},"end":{"line":33,"column":61}},"16":{"start":{"line":34,"column":23},"end":{"line":38,"column":null}},"17":{"start":{"line":35,"column":20},"end":{"line":35,"column":46}},"18":{"start":{"line":37,"column":20},"end":{"line":37,"column":34}},"19":{"start":{"line":44,"column":8},"end":{"line":52,"column":11}},"20":{"start":{"line":45,"column":12},"end":{"line":51,"column":15}},"21":{"start":{"line":46,"column":16},"end":{"line":50,"column":null}},"22":{"start":{"line":47,"column":20},"end":{"line":47,"column":32}},"23":{"start":{"line":49,"column":20},"end":{"line":49,"column":34}},"24":{"start":{"line":6,"column":13},"end":{"line":54,"column":null}},"25":{"start":{"line":6,"column":13},"end":{"line":6,"column":25}}},"fnMap":{"0":{"name":"(anonymous_8)","decl":{"start":{"line":9,"column":4},"end":{"line":9,"column":null}},"loc":{"start":{"line":9,"column":4},"end":{"line":27,"column":5}}},"1":{"name":"(anonymous_9)","decl":{"start":{"line":16,"column":34},"end":{"line":16,"column":37}},"loc":{"start":{"line":16,"column":39},"end":{"line":18,"column":9}}},"2":{"name":"(anonymous_10)","decl":{"start":{"line":20,"column":30},"end":{"line":20,"column":33}},"loc":{"start":{"line":20,"column":35},"end":{"line":22,"column":9}}},"3":{"name":"(anonymous_11)","decl":{"start":{"line":24,"column":32},"end":{"line":24,"column":35}},"loc":{"start":{"line":24,"column":38},"end":{"line":26,"column":9}}},"4":{"name":"(anonymous_12)","decl":{"start":{"line":29,"column":4},"end":{"line":29,"column":9}},"loc":{"start":{"line":29,"column":17},"end":{"line":41,"column":5}}},"5":{"name":"(anonymous_13)","decl":{"start":{"line":30,"column":27},"end":{"line":30,"column":28}},"loc":{"start":{"line":30,"column":47},"end":{"line":40,"column":9}}},"6":{"name":"(anonymous_14)","decl":{"start":{"line":31,"column":33},"end":{"line":31,"column":34}},"loc":{"start":{"line":31,"column":48},"end":{"line":39,"column":13}}},"7":{"name":"(anonymous_15)","decl":{"start":{"line":43,"column":4},"end":{"line":43,"column":9}},"loc":{"start":{"line":43,"column":33},"end":{"line":53,"column":5}}},"8":{"name":"(anonymous_16)","decl":{"start":{"line":44,"column":27},"end":{"line":44,"column":28}},"loc":{"start":{"line":44,"column":47},"end":{"line":52,"column":9}}},"9":{"name":"(anonymous_17)","decl":{"start":{"line":45,"column":55},"end":{"line":45,"column":56}},"loc":{"start":{"line":45,"column":70},"end":{"line":51,"column":13}}}},"branchMap":{"0":{"loc":{"start":{"line":32,"column":16},"end":{"line":38,"column":null}},"type":"if","locations":[{"start":{"line":32,"column":16},"end":{"line":38,"column":null}},{"start":{"line":34,"column":23},"end":{"line":38,"column":null}}]},"1":{"loc":{"start":{"line":34,"column":23},"end":{"line":38,"column":null}},"type":"if","locations":[{"start":{"line":34,"column":23},"end":{"line":38,"column":null}},{"start":{"line":36,"column":23},"end":{"line":38,"column":null}}]},"2":{"loc":{"start":{"line":46,"column":16},"end":{"line":50,"column":null}},"type":"if","locations":[{"start":{"line":46,"column":16},"end":{"line":50,"column":null}},{"start":{"line":48,"column":23},"end":{"line":50,"column":null}}]}},"s":{"0":1,"1":1,"2":1,"3":1,"4":2,"5":2,"6":2,"7":2,"8":2,"9":0,"10":2,"11":0,"12":0,"13":0,"14":0,"15":0,"16":0,"17":0,"18":0,"19":2,"20":2,"21":2,"22":0,"23":2,"24":1,"25":1},"f":{"0":2,"1":2,"2":0,"3":0,"4":0,"5":0,"6":0,"7":2,"8":2,"9":2},"b":{"0":[0,0],"1":[0,0],"2":[0,2]}}
,"/Users/lukejyhuang/Workspace/shortUrlServer/src/utils/index.ts": {"path":"/Users/lukejyhuang/Workspace/shortUrlServer/src/utils/index.ts","statementMap":{"0":{"start":{"line":7,"column":4},"end":{"line":7,"column":null}},"1":{"start":{"line":6,"column":0},"end":{"line":6,"column":16}}},"fnMap":{"0":{"name":"calSingleCharSub","decl":{"start":{"line":6,"column":16},"end":{"line":6,"column":32}},"loc":{"start":{"line":6,"column":53},"end":{"line":8,"column":1}}}},"branchMap":{},"s":{"0":0,"1":1},"f":{"0":0},"b":{}}
}
