TN:
SF:src/app.module.ts
FN:50,(anonymous_1)
FNF:1
FNH:1
FNDA:1,(anonymous_1)
DA:1,1
DA:4,1
DA:5,1
DA:6,1
DA:7,1
DA:8,1
DA:9,1
DA:10,1
DA:49,1
DA:51,1
LF:10
LH:10
BRF:0
BRH:0
end_of_record
TN:
SF:src/constants.ts
FNF:0
FNH:0
DA:2,1
DA:4,1
DA:10,1
LF:3
LH:3
BRF:0
BRH:0
end_of_record
TN:
SF:src/exception.ts
FN:8,(anonymous_1)
FNF:1
FNH:1
FNDA:3,(anonymous_1)
DA:1,1
DA:2,1
DA:7,1
DA:9,3
DA:10,3
DA:11,3
DA:13,3
DA:14,3
DA:15,3
DA:16,3
DA:17,3
DA:20,0
DA:21,0
DA:24,3
LF:14
LH:12
BRF:0
BRH:0
end_of_record
TN:
SF:src/main.ts
FN:14,bootstrap
FN:36,(anonymous_2)
FNF:2
FNH:0
FNDA:0,bootstrap
FNDA:0,(anonymous_2)
DA:1,0
DA:2,0
DA:3,0
DA:8,0
DA:10,0
DA:11,0
DA:12,0
DA:14,0
DA:15,0
DA:21,0
DA:22,0
DA:25,0
DA:26,0
DA:28,0
DA:31,0
DA:35,0
DA:36,0
DA:37,0
LF:18
LH:0
BRDA:12,0,0,0
BRDA:12,0,1,0
BRDA:25,1,0,0
BRDA:25,1,1,0
BRDA:35,2,0,0
BRF:5
BRH:0
end_of_record
TN:
SF:src/middlewares/filter.ts
FN:9,(anonymous_2)
FN:12,(anonymous_3)
FNF:2
FNH:2
FNDA:1,(anonymous_2)
FNDA:6,(anonymous_3)
DA:1,1
DA:3,1
DA:4,1
DA:5,1
DA:8,1
DA:10,1
DA:13,6
DA:14,6
DA:16,6
DA:17,3
DA:18,3
DA:20,1
DA:26,2
DA:28,2
DA:31,2
DA:32,1
DA:38,1
DA:39,0
DA:44,1
DA:45,1
DA:46,1
DA:47,1
DA:48,1
DA:49,1
DA:52,0
DA:60,3
LF:26
LH:24
BRDA:16,0,0,3
BRDA:16,1,0,6
BRDA:16,1,1,6
BRDA:16,1,2,3
BRDA:18,2,0,1
BRDA:18,2,1,2
BRDA:31,3,0,1
BRDA:38,4,0,0
BRDA:47,5,0,1
BRDA:47,5,1,0
BRF:10
BRH:8
end_of_record
TN:
SF:src/modules/shorturlmap/shorturlmap.controller.ts
FN:42,(anonymous_4)
FN:51,(anonymous_5)
FN:103,(anonymous_6)
FN:133,(anonymous_7)
FN:220,(anonymous_8)
FN:231,(anonymous_9)
FNF:6
FNH:5
FNDA:1,(anonymous_4)
FNDA:1,(anonymous_5)
FNDA:1,(anonymous_6)
FNDA:2,(anonymous_7)
FNDA:1,(anonymous_8)
FNDA:0,(anonymous_9)
DA:1,1
DA:16,1
DA:17,1
DA:18,1
DA:19,1
DA:20,1
DA:21,1
DA:41,1
DA:43,1
DA:44,1
DA:45,1
DA:46,1
DA:51,1
DA:52,1
DA:55,1
DA:56,0
DA:63,1
DA:66,1
DA:67,1
DA:68,1
DA:69,1
DA:70,1
DA:75,0
DA:80,0
DA:81,0
DA:85,0
DA:86,0
DA:87,0
DA:92,0
DA:103,1
DA:104,1
DA:107,1
DA:108,0
DA:115,1
DA:117,1
DA:121,1
DA:123,1
DA:124,1
DA:126,0
DA:133,1
DA:134,2
DA:135,2
DA:138,2
DA:139,1
DA:146,1
DA:148,1
DA:152,1
DA:154,1
DA:155,0
DA:160,1
DA:164,1
DA:165,0
DA:167,1
DA:168,1
DA:172,1
DA:180,1
DA:181,1
DA:182,1
DA:185,1
DA:194,1
DA:195,1
DA:198,0
DA:202,1
DA:203,1
DA:205,0
DA:208,1
DA:221,1
DA:224,1
DA:225,1
DA:226,1
DA:228,1
DA:232,0
DA:235,0
DA:236,0
DA:237,0
DA:238,0
DA:239,0
DA:240,0
DA:241,0
DA:243,0
LF:80
LH:57
BRDA:51,0,0,0
BRDA:55,1,0,0
BRDA:68,2,0,1
BRDA:86,3,0,0
BRDA:107,4,0,0
BRDA:138,5,0,1
BRDA:154,6,0,0
BRDA:164,7,0,0
BRDA:164,7,1,1
BRDA:236,8,0,0
BRDA:236,9,0,0
BRDA:236,9,1,0
BRDA:238,10,0,0
BRDA:238,11,0,0
BRDA:238,11,1,0
BRDA:240,12,0,0
BRDA:240,13,0,0
BRDA:240,13,1,0
BRF:18
BRH:3
end_of_record
TN:
SF:src/modules/shorturlmap/shorturlmap.entity.ts
FNF:0
FNH:0
DA:1,1
DA:5,1
DA:7,1
DA:10,1
DA:13,1
DA:16,1
DA:19,1
LF:7
LH:7
BRF:0
BRH:0
end_of_record
TN:
SF:src/modules/shorturlmap/shorturlmap.module.ts
FNF:0
FNH:0
DA:1,1
DA:2,1
DA:3,1
DA:4,1
DA:5,1
DA:6,1
DA:8,1
DA:9,1
DA:20,1
LF:9
LH:9
BRF:0
BRH:0
end_of_record
TN:
SF:src/modules/shorturlmap/shorturlmap.service.ts
FN:16,(anonymous_4)
FN:28,(anonymous_5)
FN:59,(anonymous_6)
FN:79,(anonymous_7)
FN:106,(anonymous_8)
FN:125,(anonymous_9)
FNF:6
FNH:6
FNDA:1,(anonymous_4)
FNDA:1,(anonymous_5)
FNDA:1,(anonymous_6)
FNDA:1,(anonymous_7)
FNDA:1,(anonymous_8)
FNDA:4,(anonymous_9)
DA:1,1
DA:2,1
DA:3,1
DA:4,1
DA:14,1
DA:18,1
DA:20,1
DA:34,1
DA:36,1
DA:42,1
DA:43,1
DA:67,1
DA:68,1
DA:85,1
DA:86,1
DA:87,1
DA:88,0
DA:90,1
DA:91,1
DA:93,1
DA:94,0
DA:96,1
DA:97,1
DA:110,1
DA:111,1
DA:112,1
DA:113,1
DA:116,1
DA:126,4
DA:127,4
LF:30
LH:28
BRDA:34,0,0,0
BRDA:87,1,0,0
BRDA:90,2,0,1
BRDA:93,3,0,0
BRDA:112,4,0,1
BRDA:127,5,0,4
BRDA:127,5,1,0
BRF:7
BRH:3
end_of_record
TN:
SF:src/services/bloomFilter.service.ts
FN:10,(anonymous_3)
FN:26,(anonymous_4)
FN:36,(anonymous_5)
FNF:3
FNH:3
FNDA:2,(anonymous_3)
FNDA:1,(anonymous_4)
FNDA:1,(anonymous_5)
DA:1,1
DA:3,1
DA:5,1
DA:8,1
DA:10,2
DA:13,2
DA:27,1
DA:37,1
LF:8
LH:8
BRF:0
BRH:0
end_of_record
TN:
SF:src/services/hash.service.ts
FN:7,(anonymous_3)
FN:20,(anonymous_4)
FNF:2
FNH:2
FNDA:1,(anonymous_3)
FNDA:1,(anonymous_4)
DA:1,1
DA:2,1
DA:5,1
DA:8,1
DA:21,1
LF:5
LH:5
BRF:0
BRH:0
end_of_record
TN:
SF:src/services/redis.service.ts
FN:9,(anonymous_8)
FN:16,(anonymous_9)
FN:20,(anonymous_10)
FN:24,(anonymous_11)
FN:29,(anonymous_12)
FN:30,(anonymous_13)
FN:31,(anonymous_14)
FN:43,(anonymous_15)
FN:44,(anonymous_16)
FN:45,(anonymous_17)
FNF:10
FNH:8
FNDA:2,(anonymous_8)
FNDA:2,(anonymous_9)
FNDA:0,(anonymous_10)
FNDA:0,(anonymous_11)
FNDA:1,(anonymous_12)
FNDA:1,(anonymous_13)
FNDA:1,(anonymous_14)
FNDA:2,(anonymous_15)
FNDA:2,(anonymous_16)
FNDA:2,(anonymous_17)
DA:1,1
DA:2,1
DA:3,1
DA:6,1
DA:10,2
DA:12,2
DA:16,2
DA:17,2
DA:20,2
DA:21,0
DA:24,2
DA:25,0
DA:30,1
DA:31,1
DA:32,1
DA:33,0
DA:34,1
DA:35,1
DA:37,0
DA:44,2
DA:45,2
DA:46,2
DA:47,0
DA:49,2
LF:24
LH:19
BRDA:32,0,0,0
BRDA:32,0,1,1
BRDA:34,1,0,1
BRDA:34,1,1,0
BRDA:46,2,0,0
BRDA:46,2,1,2
BRF:6
BRH:3
end_of_record
TN:
SF:src/utils/index.ts
FN:8,calSingleCharSub
FN:12,transformReqShortUrl
FNF:2
FNH:1
FNDA:0,calSingleCharSub
FNDA:4,transformReqShortUrl
DA:1,1
DA:8,1
DA:9,0
DA:12,1
DA:18,4
DA:19,4
DA:20,4
DA:21,4
DA:22,4
DA:23,4
DA:24,4
DA:25,4
DA:32,0
LF:13
LH:11
BRF:0
BRH:0
end_of_record
