TN:
SF:src/app.module.ts
FN:50,(anonymous_1)
FNF:1
FNH:1
FNDA:1,(anonymous_1)
DA:1,1
DA:4,1
DA:5,1
DA:6,1
DA:7,1
DA:8,1
DA:9,1
DA:10,1
DA:49,1
DA:51,1
LF:10
LH:10
BRF:0
BRH:0
end_of_record
TN:
SF:src/constants.ts
FNF:0
FNH:0
DA:4,1
DA:10,1
DA:13,1
DA:16,1
DA:18,1
DA:24,1
LF:6
LH:6
BRF:0
BRH:0
end_of_record
TN:
SF:src/exception.ts
FN:8,(anonymous_1)
FNF:1
FNH:1
FNDA:4,(anonymous_1)
DA:1,1
DA:2,1
DA:7,1
DA:9,4
DA:10,4
DA:11,4
DA:13,4
DA:14,4
DA:15,4
DA:16,4
DA:17,4
DA:18,4
DA:21,0
DA:22,0
DA:25,4
LF:15
LH:13
BRF:0
BRH:0
end_of_record
TN:
SF:src/main.ts
FN:14,bootstrap
FN:36,(anonymous_2)
FNF:2
FNH:0
FNDA:0,bootstrap
FNDA:0,(anonymous_2)
DA:1,0
DA:2,0
DA:3,0
DA:8,0
DA:10,0
DA:11,0
DA:12,0
DA:14,0
DA:15,0
DA:21,0
DA:22,0
DA:25,0
DA:26,0
DA:28,0
DA:31,0
DA:35,0
DA:36,0
DA:37,0
LF:18
LH:0
BRDA:12,0,0,0
BRDA:12,0,1,0
BRDA:25,1,0,0
BRDA:25,1,1,0
BRDA:35,2,0,0
BRF:5
BRH:0
end_of_record
TN:
SF:src/middlewares/filter.ts
FN:9,(anonymous_2)
FN:12,(anonymous_3)
FNF:2
FNH:2
FNDA:1,(anonymous_2)
FNDA:6,(anonymous_3)
DA:1,1
DA:4,1
DA:5,1
DA:8,1
DA:10,1
DA:13,6
DA:14,6
DA:16,6
DA:17,3
DA:18,3
DA:20,1
DA:26,2
DA:27,2
DA:28,2
DA:29,2
DA:32,2
DA:33,1
DA:39,1
DA:40,0
DA:45,1
DA:46,1
DA:47,1
DA:48,1
DA:49,1
DA:50,0
DA:51,0
DA:54,1
DA:62,3
LF:28
LH:25
BRDA:16,0,0,3
BRDA:16,1,0,6
BRDA:16,1,1,6
BRDA:16,1,2,3
BRDA:18,2,0,1
BRDA:18,2,1,2
BRDA:32,3,0,1
BRDA:39,4,0,0
BRDA:49,5,0,0
BRDA:49,5,1,1
BRF:10
BRH:8
end_of_record
TN:
SF:src/modules/shorturlmap/shorturlmap.controller.ts
FN:39,(anonymous_4)
FN:48,(anonymous_5)
FN:100,(anonymous_6)
FN:130,(anonymous_7)
FN:217,(anonymous_8)
FN:228,(anonymous_9)
FN:243,(anonymous_10)
FNF:7
FNH:5
FNDA:1,(anonymous_4)
FNDA:0,(anonymous_5)
FNDA:1,(anonymous_6)
FNDA:2,(anonymous_7)
FNDA:1,(anonymous_8)
FNDA:0,(anonymous_9)
FNDA:1,(anonymous_10)
DA:1,1
DA:16,1
DA:17,1
DA:18,1
DA:19,1
DA:20,1
DA:21,1
DA:32,1
DA:38,1
DA:40,1
DA:41,1
DA:42,1
DA:43,1
DA:48,1
DA:49,0
DA:52,0
DA:53,0
DA:60,0
DA:63,0
DA:64,0
DA:65,0
DA:66,0
DA:67,0
DA:72,0
DA:77,0
DA:78,0
DA:82,0
DA:83,0
DA:84,0
DA:89,0
DA:100,1
DA:101,1
DA:104,1
DA:105,0
DA:112,1
DA:114,1
DA:118,1
DA:120,1
DA:121,1
DA:123,0
DA:130,1
DA:131,2
DA:132,2
DA:135,2
DA:136,1
DA:143,1
DA:145,1
DA:149,1
DA:151,1
DA:152,0
DA:157,1
DA:161,1
DA:162,0
DA:164,1
DA:165,1
DA:169,1
DA:177,1
DA:178,1
DA:179,1
DA:182,1
DA:191,1
DA:192,1
DA:195,0
DA:199,1
DA:200,1
DA:202,0
DA:205,1
DA:218,1
DA:221,1
DA:222,1
DA:223,1
DA:225,1
DA:229,0
DA:232,0
DA:233,0
DA:234,0
DA:235,0
DA:236,0
DA:237,0
DA:238,0
DA:240,0
DA:248,1
DA:249,1
DA:250,1
DA:251,1
DA:252,1
LF:86
LH:55
BRDA:48,0,0,0
BRDA:52,1,0,0
BRDA:65,2,0,0
BRDA:83,3,0,0
BRDA:104,4,0,0
BRDA:135,5,0,1
BRDA:151,6,0,0
BRDA:161,7,0,0
BRDA:161,7,1,1
BRDA:233,8,0,0
BRDA:233,9,0,0
BRDA:233,9,1,0
BRDA:235,10,0,0
BRDA:235,11,0,0
BRDA:235,11,1,0
BRDA:237,12,0,0
BRDA:237,13,0,0
BRDA:237,13,1,0
BRF:18
BRH:2
end_of_record
TN:
SF:src/modules/shorturlmap/shorturlmap.entity.ts
FNF:0
FNH:0
DA:1,1
DA:5,1
DA:7,1
DA:10,1
DA:13,1
DA:16,1
DA:19,1
LF:7
LH:7
BRF:0
BRH:0
end_of_record
TN:
SF:src/modules/shorturlmap/shorturlmap.module.ts
FNF:0
FNH:0
DA:1,1
DA:2,1
DA:3,1
DA:4,1
DA:5,1
DA:6,1
DA:8,1
DA:9,1
DA:20,1
LF:9
LH:9
BRF:0
BRH:0
end_of_record
TN:
SF:src/modules/shorturlmap/shorturlmap.service.ts
FN:20,(anonymous_4)
FN:36,(anonymous_5)
FN:67,(anonymous_6)
FN:87,(anonymous_7)
FN:114,(anonymous_8)
FN:133,(anonymous_9)
FNF:6
FNH:6
FNDA:1,(anonymous_4)
FNDA:1,(anonymous_5)
FNDA:1,(anonymous_6)
FNDA:1,(anonymous_7)
FNDA:1,(anonymous_8)
FNDA:4,(anonymous_9)
DA:1,1
DA:5,1
DA:6,1
DA:7,1
DA:18,1
DA:22,1
DA:24,1
DA:42,1
DA:44,1
DA:50,1
DA:51,1
DA:75,1
DA:76,1
DA:93,1
DA:94,1
DA:95,1
DA:96,0
DA:98,1
DA:99,1
DA:101,1
DA:102,0
DA:104,1
DA:105,1
DA:118,1
DA:119,1
DA:120,1
DA:121,1
DA:124,1
DA:134,4
DA:135,4
LF:30
LH:28
BRDA:42,0,0,0
BRDA:95,1,0,0
BRDA:98,2,0,1
BRDA:101,3,0,0
BRDA:120,4,0,1
BRDA:135,5,0,4
BRDA:135,5,1,0
BRF:7
BRH:3
end_of_record
TN:
SF:src/services/bloomFilter.service.ts
FN:10,(anonymous_3)
FN:26,(anonymous_4)
FN:36,(anonymous_5)
FNF:3
FNH:3
FNDA:2,(anonymous_3)
FNDA:1,(anonymous_4)
FNDA:1,(anonymous_5)
DA:1,1
DA:3,1
DA:5,1
DA:8,1
DA:10,2
DA:13,2
DA:27,1
DA:37,1
LF:8
LH:8
BRF:0
BRH:0
end_of_record
TN:
SF:src/services/hash.service.ts
FN:7,(anonymous_3)
FN:20,(anonymous_4)
FNF:2
FNH:2
FNDA:1,(anonymous_3)
FNDA:1,(anonymous_4)
DA:1,1
DA:2,1
DA:5,1
DA:8,1
DA:21,1
LF:5
LH:5
BRF:0
BRH:0
end_of_record
TN:
SF:src/services/redis.service.ts
FN:9,(anonymous_8)
FN:16,(anonymous_9)
FN:20,(anonymous_10)
FN:24,(anonymous_11)
FN:29,(anonymous_12)
FN:30,(anonymous_13)
FN:31,(anonymous_14)
FN:43,(anonymous_15)
FN:44,(anonymous_16)
FN:45,(anonymous_17)
FNF:10
FNH:5
FNDA:2,(anonymous_8)
FNDA:2,(anonymous_9)
FNDA:0,(anonymous_10)
FNDA:0,(anonymous_11)
FNDA:0,(anonymous_12)
FNDA:0,(anonymous_13)
FNDA:0,(anonymous_14)
FNDA:2,(anonymous_15)
FNDA:2,(anonymous_16)
FNDA:2,(anonymous_17)
DA:1,1
DA:2,1
DA:3,1
DA:6,1
DA:10,2
DA:12,2
DA:16,2
DA:17,2
DA:20,2
DA:21,0
DA:24,2
DA:25,0
DA:30,0
DA:31,0
DA:32,0
DA:33,0
DA:34,0
DA:35,0
DA:37,0
DA:44,2
DA:45,2
DA:46,2
DA:47,0
DA:49,2
LF:24
LH:14
BRDA:32,0,0,0
BRDA:32,0,1,0
BRDA:34,1,0,0
BRDA:34,1,1,0
BRDA:46,2,0,0
BRDA:46,2,1,2
BRF:6
BRH:1
end_of_record
TN:
SF:src/utils/index.ts
FN:6,calSingleCharSub
FNF:1
FNH:0
FNDA:0,calSingleCharSub
DA:6,1
DA:7,0
LF:2
LH:1
BRF:0
BRH:0
end_of_record
